{"C:\\John\\School\\University of British Columbia\\CPS 310\\Project\\Deliverable 1\\cpsc310project_team45\\src\\Util.js":{"path":"C:\\John\\School\\University of British Columbia\\CPS 310\\Project\\Deliverable 1\\cpsc310project_team45\\src\\Util.js","statementMap":{"0":{"start":{"line":2,"column":11},"end":{"line":21,"column":3}},"1":{"start":{"line":5,"column":4},"end":{"line":7,"column":6}},"2":{"start":{"line":6,"column":8},"end":{"line":6,"column":71}},"3":{"start":{"line":8,"column":4},"end":{"line":10,"column":6}},"4":{"start":{"line":9,"column":8},"end":{"line":9,"column":71}},"5":{"start":{"line":11,"column":4},"end":{"line":13,"column":6}},"6":{"start":{"line":12,"column":8},"end":{"line":12,"column":73}},"7":{"start":{"line":14,"column":4},"end":{"line":16,"column":6}},"8":{"start":{"line":15,"column":8},"end":{"line":15,"column":73}},"9":{"start":{"line":17,"column":4},"end":{"line":19,"column":6}},"10":{"start":{"line":18,"column":8},"end":{"line":18,"column":71}},"11":{"start":{"line":20,"column":4},"end":{"line":20,"column":15}},"12":{"start":{"line":22,"column":0},"end":{"line":22,"column":62}},"13":{"start":{"line":23,"column":0},"end":{"line":23,"column":22}}},"fnMap":{"0":{"name":"(anonymous_0)","decl":{"start":{"line":2,"column":11},"end":{"line":2,"column":12}},"loc":{"start":{"line":2,"column":23},"end":{"line":21,"column":1}}},"1":{"name":"Log","decl":{"start":{"line":3,"column":13},"end":{"line":3,"column":16}},"loc":{"start":{"line":3,"column":19},"end":{"line":4,"column":5}}},"2":{"name":"(anonymous_2)","decl":{"start":{"line":5,"column":16},"end":{"line":5,"column":17}},"loc":{"start":{"line":5,"column":31},"end":{"line":7,"column":5}}},"3":{"name":"(anonymous_3)","decl":{"start":{"line":8,"column":15},"end":{"line":8,"column":16}},"loc":{"start":{"line":8,"column":30},"end":{"line":10,"column":5}}},"4":{"name":"(anonymous_4)","decl":{"start":{"line":11,"column":15},"end":{"line":11,"column":16}},"loc":{"start":{"line":11,"column":30},"end":{"line":13,"column":5}}},"5":{"name":"(anonymous_5)","decl":{"start":{"line":14,"column":16},"end":{"line":14,"column":17}},"loc":{"start":{"line":14,"column":31},"end":{"line":16,"column":5}}},"6":{"name":"(anonymous_6)","decl":{"start":{"line":17,"column":15},"end":{"line":17,"column":16}},"loc":{"start":{"line":17,"column":30},"end":{"line":19,"column":5}}}},"branchMap":{},"s":{"0":1,"1":1,"2":20,"3":1,"4":32,"5":1,"6":1,"7":1,"8":1,"9":1,"10":180,"11":1,"12":1,"13":1},"f":{"0":1,"1":0,"2":20,"3":32,"4":1,"5":1,"6":180},"b":{},"_coverageSchema":"332fd63041d2c1bcb487cc26dd0d5f7d97098a6c","hash":"517548b71f33dd6302160b0e8381ee1950fc06cd","contentHash":"1bdca3587eaa722b8c0046982061f856_10.0.0"},"C:\\John\\School\\University of British Columbia\\CPS 310\\Project\\Deliverable 1\\cpsc310project_team45\\src\\controller\\InsightFacade.js":{"path":"C:\\John\\School\\University of British Columbia\\CPS 310\\Project\\Deliverable 1\\cpsc310project_team45\\src\\controller\\InsightFacade.js","statementMap":{"0":{"start":{"line":2,"column":13},"end":{"line":2,"column":31}},"1":{"start":{"line":3,"column":13},"end":{"line":3,"column":28}},"2":{"start":{"line":4,"column":13},"end":{"line":4,"column":28}},"3":{"start":{"line":5,"column":13},"end":{"line":5,"column":28}},"4":{"start":{"line":6,"column":21},"end":{"line":1134,"column":3}},"5":{"start":{"line":8,"column":8},"end":{"line":8,"column":58}},"6":{"start":{"line":10,"column":4},"end":{"line":106,"column":6}},"7":{"start":{"line":11,"column":8},"end":{"line":105,"column":11}},"8":{"start":{"line":12,"column":24},"end":{"line":12,"column":40}},"9":{"start":{"line":13,"column":21},"end":{"line":13,"column":34}},"10":{"start":{"line":14,"column":22},"end":{"line":14,"column":33}},"11":{"start":{"line":15,"column":28},"end":{"line":15,"column":30}},"12":{"start":{"line":16,"column":42},"end":{"line":16,"column":44}},"13":{"start":{"line":17,"column":45},"end":{"line":17,"column":46}},"14":{"start":{"line":18,"column":28},"end":{"line":18,"column":29}},"15":{"start":{"line":19,"column":31},"end":{"line":19,"column":32}},"16":{"start":{"line":20,"column":23},"end":{"line":20,"column":25}},"17":{"start":{"line":21,"column":12},"end":{"line":104,"column":15}},"18":{"start":{"line":22,"column":16},"end":{"line":26,"column":19}},"19":{"start":{"line":23,"column":20},"end":{"line":25,"column":21}},"20":{"start":{"line":24,"column":24},"end":{"line":24,"column":75}},"21":{"start":{"line":27,"column":16},"end":{"line":99,"column":19}},"22":{"start":{"line":28,"column":37},"end":{"line":28,"column":39}},"23":{"start":{"line":29,"column":32},"end":{"line":29,"column":36}},"24":{"start":{"line":30,"column":20},"end":{"line":62,"column":21}},"25":{"start":{"line":31,"column":24},"end":{"line":31,"column":36}},"26":{"start":{"line":32,"column":24},"end":{"line":41,"column":25}},"27":{"start":{"line":33,"column":28},"end":{"line":33,"column":41}},"28":{"start":{"line":34,"column":36},"end":{"line":34,"column":73}},"29":{"start":{"line":35,"column":28},"end":{"line":35,"column":42}},"30":{"start":{"line":38,"column":28},"end":{"line":38,"column":42}},"31":{"start":{"line":39,"column":28},"end":{"line":39,"column":57}},"32":{"start":{"line":40,"column":28},"end":{"line":40,"column":32}},"33":{"start":{"line":42,"column":24},"end":{"line":45,"column":25}},"34":{"start":{"line":43,"column":28},"end":{"line":43,"column":42}},"35":{"start":{"line":44,"column":28},"end":{"line":44,"column":57}},"36":{"start":{"line":46,"column":24},"end":{"line":58,"column":25}},"37":{"start":{"line":47,"column":46},"end":{"line":47,"column":108}},"38":{"start":{"line":48,"column":28},"end":{"line":57,"column":29}},"39":{"start":{"line":49,"column":32},"end":{"line":52,"column":33}},"40":{"start":{"line":50,"column":36},"end":{"line":50,"column":50}},"41":{"start":{"line":51,"column":36},"end":{"line":51,"column":65}},"42":{"start":{"line":55,"column":32},"end":{"line":55,"column":46}},"43":{"start":{"line":56,"column":32},"end":{"line":56,"column":61}},"44":{"start":{"line":59,"column":24},"end":{"line":61,"column":25}},"45":{"start":{"line":60,"column":28},"end":{"line":60,"column":89}},"46":{"start":{"line":63,"column":20},"end":{"line":63,"column":38}},"47":{"start":{"line":65,"column":20},"end":{"line":68,"column":21}},"48":{"start":{"line":66,"column":34},"end":{"line":66,"column":90}},"49":{"start":{"line":67,"column":24},"end":{"line":67,"column":36}},"50":{"start":{"line":69,"column":20},"end":{"line":72,"column":21}},"51":{"start":{"line":70,"column":34},"end":{"line":70,"column":129}},"52":{"start":{"line":71,"column":24},"end":{"line":71,"column":36}},"53":{"start":{"line":73,"column":20},"end":{"line":73,"column":34}},"54":{"start":{"line":75,"column":20},"end":{"line":85,"column":21}},"55":{"start":{"line":76,"column":24},"end":{"line":82,"column":25}},"56":{"start":{"line":77,"column":28},"end":{"line":77,"column":58}},"57":{"start":{"line":80,"column":38},"end":{"line":80,"column":90}},"58":{"start":{"line":81,"column":28},"end":{"line":81,"column":40}},"59":{"start":{"line":83,"column":34},"end":{"line":83,"column":57}},"60":{"start":{"line":84,"column":24},"end":{"line":84,"column":37}},"61":{"start":{"line":86,"column":20},"end":{"line":86,"column":35}},"62":{"start":{"line":88,"column":20},"end":{"line":98,"column":21}},"63":{"start":{"line":89,"column":24},"end":{"line":95,"column":25}},"64":{"start":{"line":90,"column":28},"end":{"line":90,"column":58}},"65":{"start":{"line":93,"column":38},"end":{"line":93,"column":90}},"66":{"start":{"line":94,"column":28},"end":{"line":94,"column":40}},"67":{"start":{"line":96,"column":34},"end":{"line":96,"column":57}},"68":{"start":{"line":97,"column":24},"end":{"line":97,"column":37}},"69":{"start":{"line":102,"column":26},"end":{"line":102,"column":82}},"70":{"start":{"line":103,"column":16},"end":{"line":103,"column":28}},"71":{"start":{"line":107,"column":4},"end":{"line":128,"column":6}},"72":{"start":{"line":108,"column":8},"end":{"line":127,"column":11}},"73":{"start":{"line":109,"column":24},"end":{"line":109,"column":40}},"74":{"start":{"line":110,"column":21},"end":{"line":110,"column":34}},"75":{"start":{"line":111,"column":22},"end":{"line":111,"column":33}},"76":{"start":{"line":112,"column":23},"end":{"line":112,"column":25}},"77":{"start":{"line":113,"column":12},"end":{"line":126,"column":13}},"78":{"start":{"line":114,"column":16},"end":{"line":119,"column":17}},"79":{"start":{"line":115,"column":20},"end":{"line":115,"column":38}},"80":{"start":{"line":118,"column":20},"end":{"line":118,"column":43}},"81":{"start":{"line":120,"column":26},"end":{"line":120,"column":49}},"82":{"start":{"line":121,"column":16},"end":{"line":121,"column":29}},"83":{"start":{"line":124,"column":26},"end":{"line":124,"column":113}},"84":{"start":{"line":125,"column":16},"end":{"line":125,"column":28}},"85":{"start":{"line":129,"column":4},"end":{"line":369,"column":6}},"86":{"start":{"line":130,"column":17},"end":{"line":130,"column":30}},"87":{"start":{"line":131,"column":25},"end":{"line":131,"column":44}},"88":{"start":{"line":132,"column":22},"end":{"line":132,"column":26}},"89":{"start":{"line":133,"column":22},"end":{"line":133,"column":48}},"90":{"start":{"line":134,"column":24},"end":{"line":134,"column":43}},"91":{"start":{"line":135,"column":8},"end":{"line":368,"column":11}},"92":{"start":{"line":136,"column":12},"end":{"line":366,"column":13}},"93":{"start":{"line":137,"column":29},"end":{"line":137,"column":40}},"94":{"start":{"line":138,"column":30},"end":{"line":138,"column":51}},"95":{"start":{"line":139,"column":28},"end":{"line":139,"column":47}},"96":{"start":{"line":140,"column":28},"end":{"line":140,"column":46}},"97":{"start":{"line":141,"column":27},"end":{"line":141,"column":46}},"98":{"start":{"line":142,"column":29},"end":{"line":142,"column":44}},"99":{"start":{"line":146,"column":16},"end":{"line":203,"column":17}},"100":{"start":{"line":148,"column":20},"end":{"line":148,"column":68}},"101":{"start":{"line":149,"column":20},"end":{"line":185,"column":21}},"102":{"start":{"line":150,"column":49},"end":{"line":150,"column":66}},"103":{"start":{"line":151,"column":49},"end":{"line":151,"column":80}},"104":{"start":{"line":152,"column":48},"end":{"line":152,"column":89}},"105":{"start":{"line":153,"column":48},"end":{"line":153,"column":78}},"106":{"start":{"line":154,"column":24},"end":{"line":154,"column":67}},"107":{"start":{"line":155,"column":44},"end":{"line":155,"column":55}},"108":{"start":{"line":156,"column":24},"end":{"line":167,"column":25}},"109":{"start":{"line":157,"column":28},"end":{"line":157,"column":90}},"110":{"start":{"line":160,"column":28},"end":{"line":166,"column":29}},"111":{"start":{"line":161,"column":58},"end":{"line":161,"column":103}},"112":{"start":{"line":162,"column":32},"end":{"line":162,"column":67}},"113":{"start":{"line":165,"column":32},"end":{"line":165,"column":42}},"114":{"start":{"line":170,"column":49},"end":{"line":170,"column":76}},"115":{"start":{"line":171,"column":24},"end":{"line":171,"column":68}},"116":{"start":{"line":172,"column":44},"end":{"line":172,"column":55}},"117":{"start":{"line":173,"column":24},"end":{"line":184,"column":25}},"118":{"start":{"line":174,"column":28},"end":{"line":174,"column":90}},"119":{"start":{"line":177,"column":28},"end":{"line":183,"column":29}},"120":{"start":{"line":178,"column":58},"end":{"line":178,"column":103}},"121":{"start":{"line":179,"column":32},"end":{"line":179,"column":61}},"122":{"start":{"line":182,"column":32},"end":{"line":182,"column":42}},"123":{"start":{"line":188,"column":45},"end":{"line":188,"column":64}},"124":{"start":{"line":189,"column":20},"end":{"line":189,"column":64}},"125":{"start":{"line":190,"column":40},"end":{"line":190,"column":51}},"126":{"start":{"line":191,"column":20},"end":{"line":202,"column":21}},"127":{"start":{"line":192,"column":24},"end":{"line":192,"column":86}},"128":{"start":{"line":195,"column":24},"end":{"line":201,"column":25}},"129":{"start":{"line":196,"column":54},"end":{"line":196,"column":99}},"130":{"start":{"line":197,"column":28},"end":{"line":197,"column":63}},"131":{"start":{"line":200,"column":28},"end":{"line":200,"column":38}},"132":{"start":{"line":204,"column":16},"end":{"line":204,"column":72}},"133":{"start":{"line":205,"column":16},"end":{"line":357,"column":17}},"134":{"start":{"line":207,"column":38},"end":{"line":207,"column":40}},"135":{"start":{"line":208,"column":37},"end":{"line":208,"column":39}},"136":{"start":{"line":210,"column":20},"end":{"line":308,"column":21}},"137":{"start":{"line":211,"column":24},"end":{"line":307,"column":25}},"138":{"start":{"line":212,"column":28},"end":{"line":212,"column":73}},"139":{"start":{"line":215,"column":47},"end":{"line":215,"column":80}},"140":{"start":{"line":220,"column":28},"end":{"line":220,"column":66}},"141":{"start":{"line":221,"column":28},"end":{"line":306,"column":29}},"142":{"start":{"line":222,"column":32},"end":{"line":222,"column":50}},"143":{"start":{"line":225,"column":32},"end":{"line":305,"column":33}},"144":{"start":{"line":226,"column":36},"end":{"line":294,"column":37}},"145":{"start":{"line":227,"column":40},"end":{"line":227,"column":74}},"146":{"start":{"line":228,"column":40},"end":{"line":269,"column":41}},"147":{"start":{"line":229,"column":44},"end":{"line":231,"column":45}},"148":{"start":{"line":230,"column":48},"end":{"line":230,"column":57}},"149":{"start":{"line":232,"column":44},"end":{"line":232,"column":99}},"150":{"start":{"line":233,"column":44},"end":{"line":268,"column":45}},"151":{"start":{"line":234,"column":48},"end":{"line":234,"column":78}},"152":{"start":{"line":236,"column":49},"end":{"line":268,"column":45}},"153":{"start":{"line":237,"column":48},"end":{"line":237,"column":78}},"154":{"start":{"line":240,"column":48},"end":{"line":267,"column":49}},"155":{"start":{"line":241,"column":63},"end":{"line":241,"column":93}},"156":{"start":{"line":242,"column":69},"end":{"line":242,"column":84}},"157":{"start":{"line":243,"column":52},"end":{"line":253,"column":53}},"158":{"start":{"line":244,"column":82},"end":{"line":247,"column":57}},"159":{"start":{"line":248,"column":56},"end":{"line":248,"column":91}},"160":{"start":{"line":251,"column":56},"end":{"line":251,"column":121}},"161":{"start":{"line":252,"column":56},"end":{"line":252,"column":117}},"162":{"start":{"line":256,"column":52},"end":{"line":256,"column":137}},"163":{"start":{"line":257,"column":52},"end":{"line":266,"column":53}},"164":{"start":{"line":258,"column":82},"end":{"line":261,"column":57}},"165":{"start":{"line":262,"column":56},"end":{"line":262,"column":91}},"166":{"start":{"line":265,"column":56},"end":{"line":265,"column":117}},"167":{"start":{"line":270,"column":40},"end":{"line":270,"column":106}},"168":{"start":{"line":271,"column":40},"end":{"line":293,"column":41}},"169":{"start":{"line":272,"column":44},"end":{"line":272,"column":68}},"170":{"start":{"line":276,"column":44},"end":{"line":291,"column":45}},"171":{"start":{"line":277,"column":48},"end":{"line":277,"column":90}},"172":{"start":{"line":278,"column":48},"end":{"line":290,"column":49}},"173":{"start":{"line":279,"column":52},"end":{"line":279,"column":173}},"174":{"start":{"line":281,"column":53},"end":{"line":290,"column":49}},"175":{"start":{"line":282,"column":78},"end":{"line":285,"column":53}},"176":{"start":{"line":286,"column":52},"end":{"line":286,"column":87}},"177":{"start":{"line":289,"column":52},"end":{"line":289,"column":76}},"178":{"start":{"line":292,"column":44},"end":{"line":292,"column":79}},"179":{"start":{"line":296,"column":37},"end":{"line":305,"column":33}},"180":{"start":{"line":297,"column":36},"end":{"line":297,"column":64}},"181":{"start":{"line":300,"column":62},"end":{"line":303,"column":37}},"182":{"start":{"line":304,"column":36},"end":{"line":304,"column":71}},"183":{"start":{"line":309,"column":20},"end":{"line":349,"column":21}},"184":{"start":{"line":310,"column":24},"end":{"line":348,"column":25}},"185":{"start":{"line":311,"column":28},"end":{"line":340,"column":29}},"186":{"start":{"line":312,"column":32},"end":{"line":314,"column":35}},"187":{"start":{"line":313,"column":36},"end":{"line":313,"column":63}},"188":{"start":{"line":316,"column":33},"end":{"line":340,"column":29}},"189":{"start":{"line":317,"column":32},"end":{"line":328,"column":35}},"190":{"start":{"line":318,"column":48},"end":{"line":318,"column":70}},"191":{"start":{"line":319,"column":48},"end":{"line":319,"column":70}},"192":{"start":{"line":320,"column":36},"end":{"line":327,"column":49}},"193":{"start":{"line":321,"column":40},"end":{"line":321,"column":50}},"194":{"start":{"line":323,"column":41},"end":{"line":327,"column":49}},"195":{"start":{"line":324,"column":40},"end":{"line":324,"column":49}},"196":{"start":{"line":327,"column":40},"end":{"line":327,"column":49}},"197":{"start":{"line":330,"column":33},"end":{"line":340,"column":29}},"198":{"start":{"line":331,"column":32},"end":{"line":335,"column":35}},"199":{"start":{"line":332,"column":47},"end":{"line":332,"column":63}},"200":{"start":{"line":333,"column":47},"end":{"line":333,"column":63}},"201":{"start":{"line":334,"column":36},"end":{"line":334,"column":55}},"202":{"start":{"line":338,"column":58},"end":{"line":338,"column":105}},"203":{"start":{"line":339,"column":32},"end":{"line":339,"column":60}},"204":{"start":{"line":343,"column":54},"end":{"line":346,"column":29}},"205":{"start":{"line":347,"column":28},"end":{"line":347,"column":63}},"206":{"start":{"line":350,"column":20},"end":{"line":350,"column":72}},"207":{"start":{"line":351,"column":38},"end":{"line":351,"column":69}},"208":{"start":{"line":352,"column":20},"end":{"line":352,"column":48}},"209":{"start":{"line":355,"column":46},"end":{"line":355,"column":95}},"210":{"start":{"line":356,"column":20},"end":{"line":356,"column":55}},"211":{"start":{"line":359,"column":17},"end":{"line":366,"column":13}},"212":{"start":{"line":360,"column":42},"end":{"line":360,"column":87}},"213":{"start":{"line":361,"column":16},"end":{"line":361,"column":51}},"214":{"start":{"line":364,"column":42},"end":{"line":364,"column":91}},"215":{"start":{"line":365,"column":16},"end":{"line":365,"column":51}},"216":{"start":{"line":370,"column":4},"end":{"line":398,"column":6}},"217":{"start":{"line":371,"column":8},"end":{"line":397,"column":9}},"218":{"start":{"line":372,"column":30},"end":{"line":372,"column":44}},"219":{"start":{"line":373,"column":23},"end":{"line":373,"column":47}},"220":{"start":{"line":374,"column":30},"end":{"line":374,"column":50}},"221":{"start":{"line":375,"column":12},"end":{"line":380,"column":35}},"222":{"start":{"line":376,"column":16},"end":{"line":376,"column":63}},"223":{"start":{"line":377,"column":16},"end":{"line":377,"column":35}},"224":{"start":{"line":380,"column":16},"end":{"line":380,"column":35}},"225":{"start":{"line":383,"column":23},"end":{"line":383,"column":47}},"226":{"start":{"line":384,"column":30},"end":{"line":384,"column":50}},"227":{"start":{"line":385,"column":12},"end":{"line":396,"column":35}},"228":{"start":{"line":386,"column":16},"end":{"line":386,"column":49}},"229":{"start":{"line":387,"column":16},"end":{"line":387,"column":35}},"230":{"start":{"line":389,"column":17},"end":{"line":396,"column":35}},"231":{"start":{"line":390,"column":16},"end":{"line":390,"column":63}},"232":{"start":{"line":391,"column":37},"end":{"line":391,"column":61}},"233":{"start":{"line":392,"column":39},"end":{"line":392,"column":69}},"234":{"start":{"line":393,"column":16},"end":{"line":393,"column":35}},"235":{"start":{"line":396,"column":16},"end":{"line":396,"column":35}},"236":{"start":{"line":399,"column":4},"end":{"line":432,"column":6}},"237":{"start":{"line":400,"column":8},"end":{"line":431,"column":25}},"238":{"start":{"line":401,"column":12},"end":{"line":401,"column":34}},"239":{"start":{"line":403,"column":13},"end":{"line":431,"column":25}},"240":{"start":{"line":404,"column":12},"end":{"line":404,"column":32}},"241":{"start":{"line":406,"column":13},"end":{"line":431,"column":25}},"242":{"start":{"line":407,"column":12},"end":{"line":407,"column":33}},"243":{"start":{"line":409,"column":13},"end":{"line":431,"column":25}},"244":{"start":{"line":410,"column":12},"end":{"line":410,"column":40}},"245":{"start":{"line":412,"column":13},"end":{"line":431,"column":25}},"246":{"start":{"line":413,"column":12},"end":{"line":413,"column":35}},"247":{"start":{"line":415,"column":13},"end":{"line":431,"column":25}},"248":{"start":{"line":416,"column":12},"end":{"line":416,"column":34}},"249":{"start":{"line":418,"column":13},"end":{"line":431,"column":25}},"250":{"start":{"line":419,"column":12},"end":{"line":419,"column":34}},"251":{"start":{"line":421,"column":13},"end":{"line":431,"column":25}},"252":{"start":{"line":422,"column":12},"end":{"line":422,"column":35}},"253":{"start":{"line":424,"column":13},"end":{"line":431,"column":25}},"254":{"start":{"line":425,"column":12},"end":{"line":425,"column":34}},"255":{"start":{"line":427,"column":13},"end":{"line":431,"column":25}},"256":{"start":{"line":428,"column":12},"end":{"line":428,"column":34}},"257":{"start":{"line":431,"column":12},"end":{"line":431,"column":25}},"258":{"start":{"line":433,"column":4},"end":{"line":529,"column":6}},"259":{"start":{"line":435,"column":29},"end":{"line":435,"column":55}},"260":{"start":{"line":436,"column":22},"end":{"line":436,"column":54}},"261":{"start":{"line":437,"column":8},"end":{"line":437,"column":51}},"262":{"start":{"line":438,"column":8},"end":{"line":528,"column":24}},"263":{"start":{"line":439,"column":12},"end":{"line":439,"column":84}},"264":{"start":{"line":440,"column":12},"end":{"line":440,"column":30}},"265":{"start":{"line":442,"column":13},"end":{"line":528,"column":24}},"266":{"start":{"line":443,"column":12},"end":{"line":443,"column":87}},"267":{"start":{"line":444,"column":12},"end":{"line":444,"column":30}},"268":{"start":{"line":446,"column":13},"end":{"line":528,"column":24}},"269":{"start":{"line":447,"column":12},"end":{"line":447,"column":83}},"270":{"start":{"line":448,"column":12},"end":{"line":448,"column":30}},"271":{"start":{"line":450,"column":13},"end":{"line":528,"column":24}},"272":{"start":{"line":455,"column":12},"end":{"line":468,"column":13}},"273":{"start":{"line":456,"column":16},"end":{"line":467,"column":17}},"274":{"start":{"line":457,"column":20},"end":{"line":457,"column":49}},"275":{"start":{"line":458,"column":20},"end":{"line":458,"column":53}},"276":{"start":{"line":459,"column":20},"end":{"line":459,"column":54}},"277":{"start":{"line":462,"column":20},"end":{"line":462,"column":89}},"278":{"start":{"line":463,"column":20},"end":{"line":463,"column":49}},"279":{"start":{"line":464,"column":20},"end":{"line":464,"column":53}},"280":{"start":{"line":465,"column":20},"end":{"line":465,"column":54}},"281":{"start":{"line":466,"column":20},"end":{"line":466,"column":89}},"282":{"start":{"line":469,"column":12},"end":{"line":469,"column":30}},"283":{"start":{"line":471,"column":13},"end":{"line":528,"column":24}},"284":{"start":{"line":477,"column":12},"end":{"line":500,"column":13}},"285":{"start":{"line":478,"column":16},"end":{"line":499,"column":17}},"286":{"start":{"line":479,"column":20},"end":{"line":479,"column":49}},"287":{"start":{"line":480,"column":20},"end":{"line":480,"column":53}},"288":{"start":{"line":481,"column":20},"end":{"line":481,"column":54}},"289":{"start":{"line":482,"column":20},"end":{"line":482,"column":93}},"290":{"start":{"line":485,"column":20},"end":{"line":485,"column":93}},"291":{"start":{"line":486,"column":20},"end":{"line":486,"column":49}},"292":{"start":{"line":487,"column":20},"end":{"line":487,"column":53}},"293":{"start":{"line":488,"column":20},"end":{"line":488,"column":54}},"294":{"start":{"line":489,"column":20},"end":{"line":489,"column":94}},"295":{"start":{"line":490,"column":20},"end":{"line":498,"column":21}},"296":{"start":{"line":491,"column":24},"end":{"line":491,"column":52}},"297":{"start":{"line":493,"column":25},"end":{"line":498,"column":21}},"298":{"start":{"line":494,"column":24},"end":{"line":494,"column":53}},"299":{"start":{"line":497,"column":24},"end":{"line":497,"column":92}},"300":{"start":{"line":501,"column":12},"end":{"line":501,"column":30}},"301":{"start":{"line":503,"column":13},"end":{"line":528,"column":24}},"302":{"start":{"line":509,"column":30},"end":{"line":509,"column":50}},"303":{"start":{"line":510,"column":12},"end":{"line":510,"column":49}},"304":{"start":{"line":511,"column":12},"end":{"line":511,"column":50}},"305":{"start":{"line":512,"column":12},"end":{"line":512,"column":85}},"306":{"start":{"line":513,"column":12},"end":{"line":513,"column":41}},"307":{"start":{"line":514,"column":12},"end":{"line":519,"column":13}},"308":{"start":{"line":515,"column":16},"end":{"line":515,"column":50}},"309":{"start":{"line":517,"column":17},"end":{"line":519,"column":13}},"310":{"start":{"line":518,"column":16},"end":{"line":518,"column":61}},"311":{"start":{"line":520,"column":12},"end":{"line":520,"column":89}},"312":{"start":{"line":521,"column":12},"end":{"line":521,"column":30}},"313":{"start":{"line":523,"column":13},"end":{"line":528,"column":24}},"314":{"start":{"line":524,"column":12},"end":{"line":524,"column":81}},"315":{"start":{"line":525,"column":12},"end":{"line":525,"column":30}},"316":{"start":{"line":528,"column":12},"end":{"line":528,"column":24}},"317":{"start":{"line":530,"column":4},"end":{"line":543,"column":6}},"318":{"start":{"line":531,"column":34},"end":{"line":531,"column":66}},"319":{"start":{"line":532,"column":8},"end":{"line":540,"column":9}},"320":{"start":{"line":533,"column":33},"end":{"line":533,"column":55}},"321":{"start":{"line":534,"column":35},"end":{"line":534,"column":70}},"322":{"start":{"line":535,"column":12},"end":{"line":539,"column":13}},"323":{"start":{"line":538,"column":16},"end":{"line":538,"column":100}},"324":{"start":{"line":541,"column":8},"end":{"line":541,"column":34}},"325":{"start":{"line":544,"column":4},"end":{"line":561,"column":6}},"326":{"start":{"line":545,"column":22},"end":{"line":545,"column":39}},"327":{"start":{"line":546,"column":33},"end":{"line":546,"column":56}},"328":{"start":{"line":547,"column":8},"end":{"line":559,"column":9}},"329":{"start":{"line":548,"column":32},"end":{"line":548,"column":53}},"330":{"start":{"line":549,"column":34},"end":{"line":549,"column":59}},"331":{"start":{"line":550,"column":12},"end":{"line":558,"column":13}},"332":{"start":{"line":551,"column":16},"end":{"line":551,"column":40}},"333":{"start":{"line":553,"column":17},"end":{"line":558,"column":13}},"334":{"start":{"line":554,"column":16},"end":{"line":554,"column":32}},"335":{"start":{"line":557,"column":16},"end":{"line":557,"column":40}},"336":{"start":{"line":560,"column":8},"end":{"line":560,"column":26}},"337":{"start":{"line":562,"column":4},"end":{"line":579,"column":6}},"338":{"start":{"line":563,"column":22},"end":{"line":563,"column":39}},"339":{"start":{"line":564,"column":33},"end":{"line":564,"column":56}},"340":{"start":{"line":565,"column":8},"end":{"line":577,"column":9}},"341":{"start":{"line":566,"column":32},"end":{"line":566,"column":53}},"342":{"start":{"line":567,"column":34},"end":{"line":567,"column":59}},"343":{"start":{"line":568,"column":12},"end":{"line":576,"column":13}},"344":{"start":{"line":569,"column":16},"end":{"line":569,"column":40}},"345":{"start":{"line":571,"column":17},"end":{"line":576,"column":13}},"346":{"start":{"line":572,"column":16},"end":{"line":572,"column":32}},"347":{"start":{"line":575,"column":16},"end":{"line":575,"column":40}},"348":{"start":{"line":578,"column":8},"end":{"line":578,"column":26}},"349":{"start":{"line":580,"column":4},"end":{"line":597,"column":6}},"350":{"start":{"line":581,"column":22},"end":{"line":581,"column":39}},"351":{"start":{"line":582,"column":33},"end":{"line":582,"column":56}},"352":{"start":{"line":583,"column":8},"end":{"line":595,"column":9}},"353":{"start":{"line":584,"column":32},"end":{"line":584,"column":53}},"354":{"start":{"line":585,"column":34},"end":{"line":585,"column":59}},"355":{"start":{"line":586,"column":12},"end":{"line":594,"column":13}},"356":{"start":{"line":587,"column":16},"end":{"line":587,"column":40}},"357":{"start":{"line":589,"column":17},"end":{"line":594,"column":13}},"358":{"start":{"line":590,"column":16},"end":{"line":590,"column":32}},"359":{"start":{"line":593,"column":16},"end":{"line":593,"column":40}},"360":{"start":{"line":596,"column":8},"end":{"line":596,"column":26}},"361":{"start":{"line":598,"column":4},"end":{"line":622,"column":6}},"362":{"start":{"line":599,"column":33},"end":{"line":599,"column":56}},"363":{"start":{"line":600,"column":22},"end":{"line":600,"column":39}},"364":{"start":{"line":601,"column":8},"end":{"line":620,"column":9}},"365":{"start":{"line":602,"column":32},"end":{"line":602,"column":53}},"366":{"start":{"line":603,"column":34},"end":{"line":603,"column":59}},"367":{"start":{"line":604,"column":12},"end":{"line":619,"column":13}},"368":{"start":{"line":609,"column":16},"end":{"line":609,"column":40}},"369":{"start":{"line":611,"column":17},"end":{"line":619,"column":13}},"370":{"start":{"line":612,"column":16},"end":{"line":612,"column":50}},"371":{"start":{"line":614,"column":17},"end":{"line":619,"column":13}},"372":{"start":{"line":615,"column":16},"end":{"line":615,"column":32}},"373":{"start":{"line":618,"column":16},"end":{"line":618,"column":40}},"374":{"start":{"line":621,"column":8},"end":{"line":621,"column":26}},"375":{"start":{"line":623,"column":4},"end":{"line":645,"column":6}},"376":{"start":{"line":624,"column":8},"end":{"line":644,"column":9}},"377":{"start":{"line":625,"column":12},"end":{"line":625,"column":30}},"378":{"start":{"line":628,"column":41},"end":{"line":628,"column":68}},"379":{"start":{"line":629,"column":12},"end":{"line":629,"column":46}},"380":{"start":{"line":630,"column":12},"end":{"line":642,"column":13}},"381":{"start":{"line":631,"column":36},"end":{"line":631,"column":61}},"382":{"start":{"line":632,"column":36},"end":{"line":632,"column":65}},"383":{"start":{"line":633,"column":27},"end":{"line":633,"column":51}},"384":{"start":{"line":634,"column":28},"end":{"line":634,"column":44}},"385":{"start":{"line":635,"column":27},"end":{"line":635,"column":67}},"386":{"start":{"line":636,"column":16},"end":{"line":641,"column":17}},"387":{"start":{"line":637,"column":20},"end":{"line":637,"column":36}},"388":{"start":{"line":640,"column":20},"end":{"line":640,"column":44}},"389":{"start":{"line":643,"column":12},"end":{"line":643,"column":30}},"390":{"start":{"line":646,"column":4},"end":{"line":882,"column":6}},"391":{"start":{"line":647,"column":23},"end":{"line":647,"column":41}},"392":{"start":{"line":656,"column":29},"end":{"line":656,"column":38}},"393":{"start":{"line":658,"column":27},"end":{"line":658,"column":53}},"394":{"start":{"line":659,"column":8},"end":{"line":881,"column":25}},"395":{"start":{"line":660,"column":12},"end":{"line":660,"column":32}},"396":{"start":{"line":661,"column":12},"end":{"line":661,"column":34}},"397":{"start":{"line":662,"column":12},"end":{"line":662,"column":34}},"398":{"start":{"line":663,"column":12},"end":{"line":663,"column":80}},"399":{"start":{"line":664,"column":26},"end":{"line":664,"column":54}},"400":{"start":{"line":665,"column":26},"end":{"line":665,"column":47}},"401":{"start":{"line":666,"column":12},"end":{"line":878,"column":29}},"402":{"start":{"line":667,"column":16},"end":{"line":667,"column":46}},"403":{"start":{"line":668,"column":16},"end":{"line":668,"column":58}},"404":{"start":{"line":669,"column":16},"end":{"line":870,"column":33}},"405":{"start":{"line":671,"column":20},"end":{"line":671,"column":74}},"406":{"start":{"line":672,"column":20},"end":{"line":756,"column":21}},"407":{"start":{"line":673,"column":24},"end":{"line":755,"column":41}},"408":{"start":{"line":678,"column":28},"end":{"line":692,"column":41}},"409":{"start":{"line":679,"column":32},"end":{"line":679,"column":71}},"410":{"start":{"line":681,"column":33},"end":{"line":692,"column":41}},"411":{"start":{"line":682,"column":53},"end":{"line":682,"column":87}},"412":{"start":{"line":683,"column":32},"end":{"line":688,"column":33}},"413":{"start":{"line":684,"column":36},"end":{"line":684,"column":56}},"414":{"start":{"line":687,"column":36},"end":{"line":687,"column":75}},"415":{"start":{"line":689,"column":32},"end":{"line":689,"column":75}},"416":{"start":{"line":692,"column":32},"end":{"line":692,"column":41}},"417":{"start":{"line":694,"column":29},"end":{"line":755,"column":41}},"418":{"start":{"line":700,"column":28},"end":{"line":714,"column":41}},"419":{"start":{"line":701,"column":32},"end":{"line":701,"column":69}},"420":{"start":{"line":703,"column":33},"end":{"line":714,"column":41}},"421":{"start":{"line":704,"column":53},"end":{"line":704,"column":87}},"422":{"start":{"line":705,"column":32},"end":{"line":710,"column":33}},"423":{"start":{"line":706,"column":36},"end":{"line":706,"column":56}},"424":{"start":{"line":709,"column":36},"end":{"line":709,"column":75}},"425":{"start":{"line":711,"column":32},"end":{"line":711,"column":75}},"426":{"start":{"line":714,"column":32},"end":{"line":714,"column":41}},"427":{"start":{"line":716,"column":29},"end":{"line":755,"column":41}},"428":{"start":{"line":721,"column":28},"end":{"line":721,"column":80}},"429":{"start":{"line":722,"column":28},"end":{"line":727,"column":29}},"430":{"start":{"line":723,"column":32},"end":{"line":723,"column":52}},"431":{"start":{"line":726,"column":32},"end":{"line":726,"column":71}},"432":{"start":{"line":728,"column":28},"end":{"line":728,"column":71}},"433":{"start":{"line":730,"column":29},"end":{"line":755,"column":41}},"434":{"start":{"line":735,"column":28},"end":{"line":735,"column":80}},"435":{"start":{"line":736,"column":28},"end":{"line":741,"column":29}},"436":{"start":{"line":737,"column":32},"end":{"line":737,"column":52}},"437":{"start":{"line":740,"column":32},"end":{"line":740,"column":71}},"438":{"start":{"line":742,"column":28},"end":{"line":742,"column":71}},"439":{"start":{"line":744,"column":29},"end":{"line":755,"column":41}},"440":{"start":{"line":745,"column":28},"end":{"line":745,"column":80}},"441":{"start":{"line":746,"column":28},"end":{"line":751,"column":29}},"442":{"start":{"line":747,"column":32},"end":{"line":747,"column":52}},"443":{"start":{"line":750,"column":32},"end":{"line":750,"column":71}},"444":{"start":{"line":752,"column":28},"end":{"line":752,"column":71}},"445":{"start":{"line":755,"column":28},"end":{"line":755,"column":41}},"446":{"start":{"line":757,"column":20},"end":{"line":867,"column":21}},"447":{"start":{"line":758,"column":24},"end":{"line":758,"column":71}},"448":{"start":{"line":759,"column":24},"end":{"line":858,"column":41}},"449":{"start":{"line":760,"column":28},"end":{"line":855,"column":45}},"450":{"start":{"line":765,"column":32},"end":{"line":784,"column":33}},"451":{"start":{"line":766,"column":36},"end":{"line":766,"column":75}},"452":{"start":{"line":767,"column":36},"end":{"line":772,"column":53}},"453":{"start":{"line":768,"column":40},"end":{"line":768,"column":79}},"454":{"start":{"line":769,"column":40},"end":{"line":769,"column":60}},"455":{"start":{"line":772,"column":40},"end":{"line":772,"column":53}},"456":{"start":{"line":774,"column":37},"end":{"line":784,"column":33}},"457":{"start":{"line":775,"column":57},"end":{"line":775,"column":81}},"458":{"start":{"line":776,"column":36},"end":{"line":781,"column":37}},"459":{"start":{"line":777,"column":40},"end":{"line":777,"column":60}},"460":{"start":{"line":780,"column":40},"end":{"line":780,"column":79}},"461":{"start":{"line":782,"column":36},"end":{"line":782,"column":79}},"462":{"start":{"line":783,"column":36},"end":{"line":783,"column":56}},"463":{"start":{"line":785,"column":32},"end":{"line":785,"column":52}},"464":{"start":{"line":787,"column":33},"end":{"line":855,"column":45}},"465":{"start":{"line":792,"column":32},"end":{"line":811,"column":33}},"466":{"start":{"line":793,"column":36},"end":{"line":793,"column":75}},"467":{"start":{"line":794,"column":36},"end":{"line":799,"column":53}},"468":{"start":{"line":795,"column":40},"end":{"line":795,"column":77}},"469":{"start":{"line":796,"column":40},"end":{"line":796,"column":60}},"470":{"start":{"line":799,"column":40},"end":{"line":799,"column":53}},"471":{"start":{"line":801,"column":37},"end":{"line":811,"column":33}},"472":{"start":{"line":802,"column":57},"end":{"line":802,"column":81}},"473":{"start":{"line":803,"column":36},"end":{"line":808,"column":37}},"474":{"start":{"line":804,"column":40},"end":{"line":804,"column":60}},"475":{"start":{"line":807,"column":40},"end":{"line":807,"column":79}},"476":{"start":{"line":809,"column":36},"end":{"line":809,"column":79}},"477":{"start":{"line":810,"column":36},"end":{"line":810,"column":56}},"478":{"start":{"line":812,"column":32},"end":{"line":812,"column":52}},"479":{"start":{"line":814,"column":33},"end":{"line":855,"column":45}},"480":{"start":{"line":818,"column":32},"end":{"line":818,"column":74}},"481":{"start":{"line":819,"column":32},"end":{"line":824,"column":33}},"482":{"start":{"line":820,"column":36},"end":{"line":820,"column":56}},"483":{"start":{"line":823,"column":36},"end":{"line":823,"column":75}},"484":{"start":{"line":825,"column":32},"end":{"line":825,"column":75}},"485":{"start":{"line":826,"column":32},"end":{"line":826,"column":52}},"486":{"start":{"line":828,"column":33},"end":{"line":855,"column":45}},"487":{"start":{"line":833,"column":32},"end":{"line":833,"column":74}},"488":{"start":{"line":834,"column":32},"end":{"line":839,"column":33}},"489":{"start":{"line":835,"column":36},"end":{"line":835,"column":56}},"490":{"start":{"line":838,"column":36},"end":{"line":838,"column":75}},"491":{"start":{"line":840,"column":32},"end":{"line":840,"column":75}},"492":{"start":{"line":841,"column":32},"end":{"line":841,"column":52}},"493":{"start":{"line":843,"column":33},"end":{"line":855,"column":45}},"494":{"start":{"line":844,"column":32},"end":{"line":844,"column":74}},"495":{"start":{"line":845,"column":32},"end":{"line":850,"column":33}},"496":{"start":{"line":846,"column":36},"end":{"line":846,"column":56}},"497":{"start":{"line":849,"column":36},"end":{"line":849,"column":75}},"498":{"start":{"line":851,"column":32},"end":{"line":851,"column":75}},"499":{"start":{"line":852,"column":32},"end":{"line":852,"column":52}},"500":{"start":{"line":855,"column":32},"end":{"line":855,"column":45}},"501":{"start":{"line":858,"column":28},"end":{"line":858,"column":41}},"502":{"start":{"line":861,"column":24},"end":{"line":861,"column":63}},"503":{"start":{"line":862,"column":24},"end":{"line":866,"column":41}},"504":{"start":{"line":863,"column":28},"end":{"line":863,"column":40}},"505":{"start":{"line":866,"column":28},"end":{"line":866,"column":41}},"506":{"start":{"line":870,"column":20},"end":{"line":870,"column":33}},"507":{"start":{"line":872,"column":17},"end":{"line":878,"column":29}},"508":{"start":{"line":873,"column":16},"end":{"line":873,"column":60}},"509":{"start":{"line":874,"column":16},"end":{"line":874,"column":59}},"510":{"start":{"line":875,"column":16},"end":{"line":875,"column":36}},"511":{"start":{"line":878,"column":16},"end":{"line":878,"column":29}},"512":{"start":{"line":881,"column":12},"end":{"line":881,"column":25}},"513":{"start":{"line":883,"column":4},"end":{"line":1102,"column":6}},"514":{"start":{"line":884,"column":28},"end":{"line":884,"column":47}},"515":{"start":{"line":885,"column":30},"end":{"line":885,"column":54}},"516":{"start":{"line":889,"column":8},"end":{"line":1101,"column":25}},"517":{"start":{"line":890,"column":12},"end":{"line":1098,"column":29}},"518":{"start":{"line":891,"column":16},"end":{"line":891,"column":98}},"519":{"start":{"line":892,"column":16},"end":{"line":897,"column":33}},"520":{"start":{"line":893,"column":20},"end":{"line":893,"column":48}},"521":{"start":{"line":894,"column":20},"end":{"line":894,"column":40}},"522":{"start":{"line":897,"column":20},"end":{"line":897,"column":33}},"523":{"start":{"line":899,"column":17},"end":{"line":1098,"column":29}},"524":{"start":{"line":900,"column":16},"end":{"line":900,"column":63}},"525":{"start":{"line":901,"column":16},"end":{"line":901,"column":72}},"526":{"start":{"line":902,"column":30},"end":{"line":902,"column":58}},"527":{"start":{"line":903,"column":30},"end":{"line":903,"column":51}},"528":{"start":{"line":904,"column":16},"end":{"line":982,"column":33}},"529":{"start":{"line":906,"column":20},"end":{"line":926,"column":44}},"530":{"start":{"line":907,"column":24},"end":{"line":912,"column":41}},"531":{"start":{"line":908,"column":28},"end":{"line":908,"column":67}},"532":{"start":{"line":909,"column":28},"end":{"line":909,"column":48}},"533":{"start":{"line":912,"column":28},"end":{"line":912,"column":41}},"534":{"start":{"line":914,"column":25},"end":{"line":926,"column":44}},"535":{"start":{"line":915,"column":45},"end":{"line":915,"column":74}},"536":{"start":{"line":916,"column":24},"end":{"line":921,"column":25}},"537":{"start":{"line":917,"column":28},"end":{"line":917,"column":48}},"538":{"start":{"line":920,"column":28},"end":{"line":920,"column":67}},"539":{"start":{"line":922,"column":24},"end":{"line":922,"column":67}},"540":{"start":{"line":923,"column":24},"end":{"line":923,"column":44}},"541":{"start":{"line":926,"column":24},"end":{"line":926,"column":44}},"542":{"start":{"line":928,"column":21},"end":{"line":982,"column":33}},"543":{"start":{"line":930,"column":20},"end":{"line":942,"column":44}},"544":{"start":{"line":931,"column":24},"end":{"line":936,"column":41}},"545":{"start":{"line":932,"column":28},"end":{"line":932,"column":65}},"546":{"start":{"line":933,"column":28},"end":{"line":933,"column":48}},"547":{"start":{"line":936,"column":28},"end":{"line":936,"column":41}},"548":{"start":{"line":938,"column":25},"end":{"line":942,"column":44}},"549":{"start":{"line":939,"column":24},"end":{"line":939,"column":44}},"550":{"start":{"line":942,"column":24},"end":{"line":942,"column":44}},"551":{"start":{"line":944,"column":21},"end":{"line":982,"column":33}},"552":{"start":{"line":947,"column":41},"end":{"line":947,"column":70}},"553":{"start":{"line":948,"column":20},"end":{"line":953,"column":21}},"554":{"start":{"line":949,"column":24},"end":{"line":949,"column":44}},"555":{"start":{"line":952,"column":24},"end":{"line":952,"column":63}},"556":{"start":{"line":954,"column":20},"end":{"line":954,"column":63}},"557":{"start":{"line":955,"column":20},"end":{"line":955,"column":40}},"558":{"start":{"line":957,"column":21},"end":{"line":982,"column":33}},"559":{"start":{"line":960,"column":41},"end":{"line":960,"column":70}},"560":{"start":{"line":961,"column":20},"end":{"line":966,"column":21}},"561":{"start":{"line":962,"column":24},"end":{"line":962,"column":44}},"562":{"start":{"line":965,"column":24},"end":{"line":965,"column":63}},"563":{"start":{"line":967,"column":20},"end":{"line":967,"column":63}},"564":{"start":{"line":968,"column":20},"end":{"line":968,"column":40}},"565":{"start":{"line":970,"column":21},"end":{"line":982,"column":33}},"566":{"start":{"line":971,"column":41},"end":{"line":971,"column":70}},"567":{"start":{"line":972,"column":20},"end":{"line":977,"column":21}},"568":{"start":{"line":973,"column":24},"end":{"line":973,"column":44}},"569":{"start":{"line":976,"column":24},"end":{"line":976,"column":63}},"570":{"start":{"line":978,"column":20},"end":{"line":978,"column":63}},"571":{"start":{"line":979,"column":20},"end":{"line":979,"column":40}},"572":{"start":{"line":982,"column":20},"end":{"line":982,"column":33}},"573":{"start":{"line":984,"column":17},"end":{"line":1098,"column":29}},"574":{"start":{"line":985,"column":16},"end":{"line":985,"column":63}},"575":{"start":{"line":986,"column":16},"end":{"line":986,"column":72}},"576":{"start":{"line":987,"column":30},"end":{"line":987,"column":58}},"577":{"start":{"line":988,"column":30},"end":{"line":988,"column":51}},"578":{"start":{"line":989,"column":16},"end":{"line":1086,"column":33}},"579":{"start":{"line":990,"column":20},"end":{"line":1011,"column":44}},"580":{"start":{"line":991,"column":24},"end":{"line":997,"column":41}},"581":{"start":{"line":993,"column":28},"end":{"line":993,"column":67}},"582":{"start":{"line":994,"column":28},"end":{"line":994,"column":48}},"583":{"start":{"line":997,"column":28},"end":{"line":997,"column":41}},"584":{"start":{"line":999,"column":25},"end":{"line":1011,"column":44}},"585":{"start":{"line":1000,"column":45},"end":{"line":1000,"column":74}},"586":{"start":{"line":1001,"column":24},"end":{"line":1006,"column":25}},"587":{"start":{"line":1002,"column":28},"end":{"line":1002,"column":48}},"588":{"start":{"line":1005,"column":28},"end":{"line":1005,"column":67}},"589":{"start":{"line":1007,"column":24},"end":{"line":1007,"column":67}},"590":{"start":{"line":1008,"column":24},"end":{"line":1008,"column":44}},"591":{"start":{"line":1011,"column":24},"end":{"line":1011,"column":44}},"592":{"start":{"line":1013,"column":21},"end":{"line":1086,"column":33}},"593":{"start":{"line":1015,"column":20},"end":{"line":1046,"column":37}},"594":{"start":{"line":1016,"column":24},"end":{"line":1032,"column":41}},"595":{"start":{"line":1018,"column":28},"end":{"line":1029,"column":29}},"596":{"start":{"line":1019,"column":32},"end":{"line":1024,"column":49}},"597":{"start":{"line":1020,"column":36},"end":{"line":1020,"column":73}},"598":{"start":{"line":1021,"column":36},"end":{"line":1021,"column":56}},"599":{"start":{"line":1024,"column":36},"end":{"line":1024,"column":49}},"600":{"start":{"line":1027,"column":32},"end":{"line":1027,"column":67}},"601":{"start":{"line":1028,"column":32},"end":{"line":1028,"column":52}},"602":{"start":{"line":1032,"column":28},"end":{"line":1032,"column":41}},"603":{"start":{"line":1034,"column":25},"end":{"line":1046,"column":37}},"604":{"start":{"line":1035,"column":45},"end":{"line":1035,"column":74}},"605":{"start":{"line":1036,"column":24},"end":{"line":1041,"column":25}},"606":{"start":{"line":1037,"column":28},"end":{"line":1037,"column":48}},"607":{"start":{"line":1040,"column":28},"end":{"line":1040,"column":67}},"608":{"start":{"line":1042,"column":24},"end":{"line":1042,"column":67}},"609":{"start":{"line":1043,"column":24},"end":{"line":1043,"column":44}},"610":{"start":{"line":1046,"column":24},"end":{"line":1046,"column":37}},"611":{"start":{"line":1048,"column":21},"end":{"line":1086,"column":33}},"612":{"start":{"line":1051,"column":41},"end":{"line":1051,"column":70}},"613":{"start":{"line":1052,"column":20},"end":{"line":1057,"column":21}},"614":{"start":{"line":1053,"column":24},"end":{"line":1053,"column":44}},"615":{"start":{"line":1056,"column":24},"end":{"line":1056,"column":63}},"616":{"start":{"line":1058,"column":20},"end":{"line":1058,"column":63}},"617":{"start":{"line":1059,"column":20},"end":{"line":1059,"column":40}},"618":{"start":{"line":1061,"column":21},"end":{"line":1086,"column":33}},"619":{"start":{"line":1064,"column":41},"end":{"line":1064,"column":70}},"620":{"start":{"line":1065,"column":20},"end":{"line":1070,"column":21}},"621":{"start":{"line":1066,"column":24},"end":{"line":1066,"column":44}},"622":{"start":{"line":1069,"column":24},"end":{"line":1069,"column":63}},"623":{"start":{"line":1071,"column":20},"end":{"line":1071,"column":63}},"624":{"start":{"line":1072,"column":20},"end":{"line":1072,"column":40}},"625":{"start":{"line":1074,"column":21},"end":{"line":1086,"column":33}},"626":{"start":{"line":1075,"column":41},"end":{"line":1075,"column":70}},"627":{"start":{"line":1076,"column":20},"end":{"line":1081,"column":21}},"628":{"start":{"line":1077,"column":24},"end":{"line":1077,"column":44}},"629":{"start":{"line":1080,"column":24},"end":{"line":1080,"column":63}},"630":{"start":{"line":1082,"column":20},"end":{"line":1082,"column":63}},"631":{"start":{"line":1083,"column":20},"end":{"line":1083,"column":40}},"632":{"start":{"line":1086,"column":20},"end":{"line":1086,"column":33}},"633":{"start":{"line":1088,"column":17},"end":{"line":1098,"column":29}},"634":{"start":{"line":1089,"column":16},"end":{"line":1089,"column":93}},"635":{"start":{"line":1090,"column":16},"end":{"line":1095,"column":33}},"636":{"start":{"line":1091,"column":20},"end":{"line":1091,"column":60}},"637":{"start":{"line":1092,"column":20},"end":{"line":1092,"column":40}},"638":{"start":{"line":1095,"column":20},"end":{"line":1095,"column":33}},"639":{"start":{"line":1098,"column":16},"end":{"line":1098,"column":29}},"640":{"start":{"line":1101,"column":12},"end":{"line":1101,"column":25}},"641":{"start":{"line":1103,"column":4},"end":{"line":1115,"column":6}},"642":{"start":{"line":1104,"column":8},"end":{"line":1114,"column":25}},"643":{"start":{"line":1105,"column":12},"end":{"line":1110,"column":13}},"644":{"start":{"line":1106,"column":16},"end":{"line":1106,"column":92}},"645":{"start":{"line":1107,"column":16},"end":{"line":1109,"column":17}},"646":{"start":{"line":1108,"column":20},"end":{"line":1108,"column":33}},"647":{"start":{"line":1111,"column":12},"end":{"line":1111,"column":32}},"648":{"start":{"line":1114,"column":12},"end":{"line":1114,"column":25}},"649":{"start":{"line":1116,"column":4},"end":{"line":1132,"column":6}},"650":{"start":{"line":1117,"column":8},"end":{"line":1117,"column":21}},"651":{"start":{"line":1118,"column":8},"end":{"line":1118,"column":24}},"652":{"start":{"line":1119,"column":8},"end":{"line":1120,"column":39}},"653":{"start":{"line":1120,"column":12},"end":{"line":1120,"column":39}},"654":{"start":{"line":1121,"column":16},"end":{"line":1121,"column":17}},"655":{"start":{"line":1121,"column":25},"end":{"line":1121,"column":26}},"656":{"start":{"line":1121,"column":35},"end":{"line":1121,"column":74}},"657":{"start":{"line":1122,"column":8},"end":{"line":1130,"column":9}},"658":{"start":{"line":1123,"column":12},"end":{"line":1123,"column":49}},"659":{"start":{"line":1124,"column":12},"end":{"line":1129,"column":22}},"660":{"start":{"line":1125,"column":16},"end":{"line":1125,"column":20}},"661":{"start":{"line":1126,"column":16},"end":{"line":1126,"column":28}},"662":{"start":{"line":1129,"column":16},"end":{"line":1129,"column":22}},"663":{"start":{"line":1131,"column":8},"end":{"line":1131,"column":17}},"664":{"start":{"line":1133,"column":4},"end":{"line":1133,"column":25}},"665":{"start":{"line":1135,"column":0},"end":{"line":1135,"column":62}},"666":{"start":{"line":1136,"column":0},"end":{"line":1136,"column":32}}},"fnMap":{"0":{"name":"(anonymous_0)","decl":{"start":{"line":6,"column":21},"end":{"line":6,"column":22}},"loc":{"start":{"line":6,"column":33},"end":{"line":1134,"column":1}}},"1":{"name":"InsightFacade","decl":{"start":{"line":7,"column":13},"end":{"line":7,"column":26}},"loc":{"start":{"line":7,"column":29},"end":{"line":9,"column":5}}},"2":{"name":"(anonymous_2)","decl":{"start":{"line":10,"column":41},"end":{"line":10,"column":42}},"loc":{"start":{"line":10,"column":64},"end":{"line":106,"column":5}}},"3":{"name":"(anonymous_3)","decl":{"start":{"line":11,"column":27},"end":{"line":11,"column":28}},"loc":{"start":{"line":11,"column":54},"end":{"line":105,"column":9}}},"4":{"name":"(anonymous_4)","decl":{"start":{"line":21,"column":60},"end":{"line":21,"column":61}},"loc":{"start":{"line":21,"column":80},"end":{"line":100,"column":13}}},"5":{"name":"(anonymous_5)","decl":{"start":{"line":22,"column":33},"end":{"line":22,"column":34}},"loc":{"start":{"line":22,"column":63},"end":{"line":26,"column":17}}},"6":{"name":"(anonymous_6)","decl":{"start":{"line":27,"column":58},"end":{"line":27,"column":59}},"loc":{"start":{"line":27,"column":96},"end":{"line":64,"column":17}}},"7":{"name":"(anonymous_7)","decl":{"start":{"line":64,"column":24},"end":{"line":64,"column":25}},"loc":{"start":{"line":64,"column":42},"end":{"line":74,"column":17}}},"8":{"name":"(anonymous_8)","decl":{"start":{"line":74,"column":24},"end":{"line":74,"column":25}},"loc":{"start":{"line":74,"column":43},"end":{"line":87,"column":17}}},"9":{"name":"(anonymous_9)","decl":{"start":{"line":87,"column":24},"end":{"line":87,"column":25}},"loc":{"start":{"line":87,"column":43},"end":{"line":99,"column":17}}},"10":{"name":"(anonymous_10)","decl":{"start":{"line":101,"column":23},"end":{"line":101,"column":24}},"loc":{"start":{"line":101,"column":36},"end":{"line":104,"column":13}}},"11":{"name":"(anonymous_11)","decl":{"start":{"line":107,"column":44},"end":{"line":107,"column":45}},"loc":{"start":{"line":107,"column":58},"end":{"line":128,"column":5}}},"12":{"name":"(anonymous_12)","decl":{"start":{"line":108,"column":27},"end":{"line":108,"column":28}},"loc":{"start":{"line":108,"column":54},"end":{"line":127,"column":9}}},"13":{"name":"(anonymous_13)","decl":{"start":{"line":129,"column":43},"end":{"line":129,"column":44}},"loc":{"start":{"line":129,"column":60},"end":{"line":369,"column":5}}},"14":{"name":"(anonymous_14)","decl":{"start":{"line":135,"column":27},"end":{"line":135,"column":28}},"loc":{"start":{"line":135,"column":54},"end":{"line":368,"column":9}}},"15":{"name":"(anonymous_15)","decl":{"start":{"line":312,"column":63},"end":{"line":312,"column":64}},"loc":{"start":{"line":312,"column":79},"end":{"line":314,"column":33}}},"16":{"name":"(anonymous_16)","decl":{"start":{"line":317,"column":63},"end":{"line":317,"column":64}},"loc":{"start":{"line":317,"column":79},"end":{"line":328,"column":33}}},"17":{"name":"(anonymous_17)","decl":{"start":{"line":331,"column":63},"end":{"line":331,"column":64}},"loc":{"start":{"line":331,"column":79},"end":{"line":335,"column":33}}},"18":{"name":"(anonymous_18)","decl":{"start":{"line":370,"column":45},"end":{"line":370,"column":46}},"loc":{"start":{"line":370,"column":68},"end":{"line":398,"column":5}}},"19":{"name":"(anonymous_19)","decl":{"start":{"line":399,"column":44},"end":{"line":399,"column":45}},"loc":{"start":{"line":399,"column":67},"end":{"line":432,"column":5}}},"20":{"name":"(anonymous_20)","decl":{"start":{"line":433,"column":49},"end":{"line":433,"column":50}},"loc":{"start":{"line":433,"column":92},"end":{"line":529,"column":5}}},"21":{"name":"(anonymous_21)","decl":{"start":{"line":530,"column":47},"end":{"line":530,"column":48}},"loc":{"start":{"line":530,"column":98},"end":{"line":543,"column":5}}},"22":{"name":"(anonymous_22)","decl":{"start":{"line":544,"column":41},"end":{"line":544,"column":42}},"loc":{"start":{"line":544,"column":94},"end":{"line":561,"column":5}}},"23":{"name":"(anonymous_23)","decl":{"start":{"line":562,"column":44},"end":{"line":562,"column":45}},"loc":{"start":{"line":562,"column":97},"end":{"line":579,"column":5}}},"24":{"name":"(anonymous_24)","decl":{"start":{"line":580,"column":40},"end":{"line":580,"column":41}},"loc":{"start":{"line":580,"column":93},"end":{"line":597,"column":5}}},"25":{"name":"(anonymous_25)","decl":{"start":{"line":598,"column":38},"end":{"line":598,"column":39}},"loc":{"start":{"line":598,"column":91},"end":{"line":622,"column":5}}},"26":{"name":"(anonymous_26)","decl":{"start":{"line":623,"column":36},"end":{"line":623,"column":37}},"loc":{"start":{"line":623,"column":99},"end":{"line":645,"column":5}}},"27":{"name":"(anonymous_27)","decl":{"start":{"line":646,"column":38},"end":{"line":646,"column":39}},"loc":{"start":{"line":646,"column":55},"end":{"line":882,"column":5}}},"28":{"name":"(anonymous_28)","decl":{"start":{"line":883,"column":40},"end":{"line":883,"column":41}},"loc":{"start":{"line":883,"column":88},"end":{"line":1102,"column":5}}},"29":{"name":"(anonymous_29)","decl":{"start":{"line":1103,"column":45},"end":{"line":1103,"column":46}},"loc":{"start":{"line":1103,"column":98},"end":{"line":1115,"column":5}}},"30":{"name":"(anonymous_30)","decl":{"start":{"line":1116,"column":42},"end":{"line":1116,"column":43}},"loc":{"start":{"line":1116,"column":89},"end":{"line":1132,"column":5}}}},"branchMap":{"0":{"loc":{"start":{"line":23,"column":20},"end":{"line":25,"column":21}},"type":"if","locations":[{"start":{"line":23,"column":20},"end":{"line":25,"column":21}},{"start":{"line":23,"column":20},"end":{"line":25,"column":21}}]},"1":{"loc":{"start":{"line":42,"column":24},"end":{"line":45,"column":25}},"type":"if","locations":[{"start":{"line":42,"column":24},"end":{"line":45,"column":25}},{"start":{"line":42,"column":24},"end":{"line":45,"column":25}}]},"2":{"loc":{"start":{"line":42,"column":28},"end":{"line":42,"column":112}},"type":"binary-expr","locations":[{"start":{"line":42,"column":28},"end":{"line":42,"column":42}},{"start":{"line":42,"column":46},"end":{"line":42,"column":112}}]},"3":{"loc":{"start":{"line":46,"column":24},"end":{"line":58,"column":25}},"type":"if","locations":[{"start":{"line":46,"column":24},"end":{"line":58,"column":25}},{"start":{"line":46,"column":24},"end":{"line":58,"column":25}}]},"4":{"loc":{"start":{"line":48,"column":28},"end":{"line":57,"column":29}},"type":"if","locations":[{"start":{"line":48,"column":28},"end":{"line":57,"column":29}},{"start":{"line":48,"column":28},"end":{"line":57,"column":29}}]},"5":{"loc":{"start":{"line":48,"column":32},"end":{"line":48,"column":86}},"type":"binary-expr","locations":[{"start":{"line":48,"column":32},"end":{"line":48,"column":58}},{"start":{"line":48,"column":62},"end":{"line":48,"column":86}}]},"6":{"loc":{"start":{"line":49,"column":32},"end":{"line":52,"column":33}},"type":"if","locations":[{"start":{"line":49,"column":32},"end":{"line":52,"column":33}},{"start":{"line":49,"column":32},"end":{"line":52,"column":33}}]},"7":{"loc":{"start":{"line":59,"column":24},"end":{"line":61,"column":25}},"type":"if","locations":[{"start":{"line":59,"column":24},"end":{"line":61,"column":25}},{"start":{"line":59,"column":24},"end":{"line":61,"column":25}}]},"8":{"loc":{"start":{"line":65,"column":20},"end":{"line":68,"column":21}},"type":"if","locations":[{"start":{"line":65,"column":20},"end":{"line":68,"column":21}},{"start":{"line":65,"column":20},"end":{"line":68,"column":21}}]},"9":{"loc":{"start":{"line":69,"column":20},"end":{"line":72,"column":21}},"type":"if","locations":[{"start":{"line":69,"column":20},"end":{"line":72,"column":21}},{"start":{"line":69,"column":20},"end":{"line":72,"column":21}}]},"10":{"loc":{"start":{"line":75,"column":20},"end":{"line":85,"column":21}},"type":"if","locations":[{"start":{"line":75,"column":20},"end":{"line":85,"column":21}},{"start":{"line":75,"column":20},"end":{"line":85,"column":21}}]},"11":{"loc":{"start":{"line":75,"column":24},"end":{"line":75,"column":101}},"type":"binary-expr","locations":[{"start":{"line":75,"column":24},"end":{"line":75,"column":42}},{"start":{"line":75,"column":46},"end":{"line":75,"column":59}},{"start":{"line":75,"column":63},"end":{"line":75,"column":101}}]},"12":{"loc":{"start":{"line":88,"column":20},"end":{"line":98,"column":21}},"type":"if","locations":[{"start":{"line":88,"column":20},"end":{"line":98,"column":21}},{"start":{"line":88,"column":20},"end":{"line":98,"column":21}}]},"13":{"loc":{"start":{"line":88,"column":24},"end":{"line":88,"column":100}},"type":"binary-expr","locations":[{"start":{"line":88,"column":24},"end":{"line":88,"column":41}},{"start":{"line":88,"column":45},"end":{"line":88,"column":58}},{"start":{"line":88,"column":62},"end":{"line":88,"column":100}}]},"14":{"loc":{"start":{"line":113,"column":12},"end":{"line":126,"column":13}},"type":"if","locations":[{"start":{"line":113,"column":12},"end":{"line":126,"column":13}},{"start":{"line":113,"column":12},"end":{"line":126,"column":13}}]},"15":{"loc":{"start":{"line":136,"column":12},"end":{"line":366,"column":13}},"type":"if","locations":[{"start":{"line":136,"column":12},"end":{"line":366,"column":13}},{"start":{"line":136,"column":12},"end":{"line":366,"column":13}}]},"16":{"loc":{"start":{"line":146,"column":16},"end":{"line":203,"column":17}},"type":"if","locations":[{"start":{"line":146,"column":16},"end":{"line":203,"column":17}},{"start":{"line":146,"column":16},"end":{"line":203,"column":17}}]},"17":{"loc":{"start":{"line":146,"column":20},"end":{"line":146,"column":75}},"type":"binary-expr","locations":[{"start":{"line":146,"column":20},"end":{"line":146,"column":36}},{"start":{"line":146,"column":40},"end":{"line":146,"column":55}},{"start":{"line":146,"column":59},"end":{"line":146,"column":75}}]},"18":{"loc":{"start":{"line":149,"column":20},"end":{"line":185,"column":21}},"type":"if","locations":[{"start":{"line":149,"column":20},"end":{"line":185,"column":21}},{"start":{"line":149,"column":20},"end":{"line":185,"column":21}}]},"19":{"loc":{"start":{"line":160,"column":28},"end":{"line":166,"column":29}},"type":"if","locations":[{"start":{"line":160,"column":28},"end":{"line":166,"column":29}},{"start":{"line":160,"column":28},"end":{"line":166,"column":29}}]},"20":{"loc":{"start":{"line":177,"column":28},"end":{"line":183,"column":29}},"type":"if","locations":[{"start":{"line":177,"column":28},"end":{"line":183,"column":29}},{"start":{"line":177,"column":28},"end":{"line":183,"column":29}}]},"21":{"loc":{"start":{"line":195,"column":24},"end":{"line":201,"column":25}},"type":"if","locations":[{"start":{"line":195,"column":24},"end":{"line":201,"column":25}},{"start":{"line":195,"column":24},"end":{"line":201,"column":25}}]},"22":{"loc":{"start":{"line":205,"column":16},"end":{"line":357,"column":17}},"type":"if","locations":[{"start":{"line":205,"column":16},"end":{"line":357,"column":17}},{"start":{"line":205,"column":16},"end":{"line":357,"column":17}}]},"23":{"loc":{"start":{"line":211,"column":24},"end":{"line":307,"column":25}},"type":"if","locations":[{"start":{"line":211,"column":24},"end":{"line":307,"column":25}},{"start":{"line":211,"column":24},"end":{"line":307,"column":25}}]},"24":{"loc":{"start":{"line":221,"column":28},"end":{"line":306,"column":29}},"type":"if","locations":[{"start":{"line":221,"column":28},"end":{"line":306,"column":29}},{"start":{"line":221,"column":28},"end":{"line":306,"column":29}}]},"25":{"loc":{"start":{"line":225,"column":32},"end":{"line":305,"column":33}},"type":"if","locations":[{"start":{"line":225,"column":32},"end":{"line":305,"column":33}},{"start":{"line":225,"column":32},"end":{"line":305,"column":33}}]},"26":{"loc":{"start":{"line":225,"column":36},"end":{"line":225,"column":92}},"type":"binary-expr","locations":[{"start":{"line":225,"column":36},"end":{"line":225,"column":65}},{"start":{"line":225,"column":69},"end":{"line":225,"column":92}}]},"27":{"loc":{"start":{"line":229,"column":44},"end":{"line":231,"column":45}},"type":"if","locations":[{"start":{"line":229,"column":44},"end":{"line":231,"column":45}},{"start":{"line":229,"column":44},"end":{"line":231,"column":45}}]},"28":{"loc":{"start":{"line":233,"column":44},"end":{"line":268,"column":45}},"type":"if","locations":[{"start":{"line":233,"column":44},"end":{"line":268,"column":45}},{"start":{"line":233,"column":44},"end":{"line":268,"column":45}}]},"29":{"loc":{"start":{"line":236,"column":49},"end":{"line":268,"column":45}},"type":"if","locations":[{"start":{"line":236,"column":49},"end":{"line":268,"column":45}},{"start":{"line":236,"column":49},"end":{"line":268,"column":45}}]},"30":{"loc":{"start":{"line":240,"column":48},"end":{"line":267,"column":49}},"type":"if","locations":[{"start":{"line":240,"column":48},"end":{"line":267,"column":49}},{"start":{"line":240,"column":48},"end":{"line":267,"column":49}}]},"31":{"loc":{"start":{"line":240,"column":52},"end":{"line":240,"column":136}},"type":"binary-expr","locations":[{"start":{"line":240,"column":52},"end":{"line":240,"column":83}},{"start":{"line":240,"column":87},"end":{"line":240,"column":136}}]},"32":{"loc":{"start":{"line":243,"column":52},"end":{"line":253,"column":53}},"type":"if","locations":[{"start":{"line":243,"column":52},"end":{"line":253,"column":53}},{"start":{"line":243,"column":52},"end":{"line":253,"column":53}}]},"33":{"loc":{"start":{"line":257,"column":52},"end":{"line":266,"column":53}},"type":"if","locations":[{"start":{"line":257,"column":52},"end":{"line":266,"column":53}},{"start":{"line":257,"column":52},"end":{"line":266,"column":53}}]},"34":{"loc":{"start":{"line":271,"column":40},"end":{"line":293,"column":41}},"type":"if","locations":[{"start":{"line":271,"column":40},"end":{"line":293,"column":41}},{"start":{"line":271,"column":40},"end":{"line":293,"column":41}}]},"35":{"loc":{"start":{"line":278,"column":48},"end":{"line":290,"column":49}},"type":"if","locations":[{"start":{"line":278,"column":48},"end":{"line":290,"column":49}},{"start":{"line":278,"column":48},"end":{"line":290,"column":49}}]},"36":{"loc":{"start":{"line":281,"column":53},"end":{"line":290,"column":49}},"type":"if","locations":[{"start":{"line":281,"column":53},"end":{"line":290,"column":49}},{"start":{"line":281,"column":53},"end":{"line":290,"column":49}}]},"37":{"loc":{"start":{"line":296,"column":37},"end":{"line":305,"column":33}},"type":"if","locations":[{"start":{"line":296,"column":37},"end":{"line":305,"column":33}},{"start":{"line":296,"column":37},"end":{"line":305,"column":33}}]},"38":{"loc":{"start":{"line":296,"column":41},"end":{"line":296,"column":98}},"type":"binary-expr","locations":[{"start":{"line":296,"column":41},"end":{"line":296,"column":70}},{"start":{"line":296,"column":74},"end":{"line":296,"column":98}}]},"39":{"loc":{"start":{"line":309,"column":20},"end":{"line":349,"column":21}},"type":"if","locations":[{"start":{"line":309,"column":20},"end":{"line":349,"column":21}},{"start":{"line":309,"column":20},"end":{"line":349,"column":21}}]},"40":{"loc":{"start":{"line":310,"column":24},"end":{"line":348,"column":25}},"type":"if","locations":[{"start":{"line":310,"column":24},"end":{"line":348,"column":25}},{"start":{"line":310,"column":24},"end":{"line":348,"column":25}}]},"41":{"loc":{"start":{"line":311,"column":28},"end":{"line":340,"column":29}},"type":"if","locations":[{"start":{"line":311,"column":28},"end":{"line":340,"column":29}},{"start":{"line":311,"column":28},"end":{"line":340,"column":29}}]},"42":{"loc":{"start":{"line":311,"column":32},"end":{"line":311,"column":163}},"type":"binary-expr","locations":[{"start":{"line":311,"column":32},"end":{"line":311,"column":54}},{"start":{"line":311,"column":58},"end":{"line":311,"column":81}},{"start":{"line":311,"column":85},"end":{"line":311,"column":108}},{"start":{"line":311,"column":112},"end":{"line":311,"column":136}},{"start":{"line":311,"column":140},"end":{"line":311,"column":163}}]},"43":{"loc":{"start":{"line":316,"column":33},"end":{"line":340,"column":29}},"type":"if","locations":[{"start":{"line":316,"column":33},"end":{"line":340,"column":29}},{"start":{"line":316,"column":33},"end":{"line":340,"column":29}}]},"44":{"loc":{"start":{"line":316,"column":37},"end":{"line":316,"column":118}},"type":"binary-expr","locations":[{"start":{"line":316,"column":37},"end":{"line":316,"column":60}},{"start":{"line":316,"column":64},"end":{"line":316,"column":85}},{"start":{"line":316,"column":89},"end":{"line":316,"column":118}}]},"45":{"loc":{"start":{"line":320,"column":36},"end":{"line":327,"column":49}},"type":"if","locations":[{"start":{"line":320,"column":36},"end":{"line":327,"column":49}},{"start":{"line":320,"column":36},"end":{"line":327,"column":49}}]},"46":{"loc":{"start":{"line":323,"column":41},"end":{"line":327,"column":49}},"type":"if","locations":[{"start":{"line":323,"column":41},"end":{"line":327,"column":49}},{"start":{"line":323,"column":41},"end":{"line":327,"column":49}}]},"47":{"loc":{"start":{"line":330,"column":33},"end":{"line":340,"column":29}},"type":"if","locations":[{"start":{"line":330,"column":33},"end":{"line":340,"column":29}},{"start":{"line":330,"column":33},"end":{"line":340,"column":29}}]},"48":{"loc":{"start":{"line":359,"column":17},"end":{"line":366,"column":13}},"type":"if","locations":[{"start":{"line":359,"column":17},"end":{"line":366,"column":13}},{"start":{"line":359,"column":17},"end":{"line":366,"column":13}}]},"49":{"loc":{"start":{"line":371,"column":8},"end":{"line":397,"column":9}},"type":"if","locations":[{"start":{"line":371,"column":8},"end":{"line":397,"column":9}},{"start":{"line":371,"column":8},"end":{"line":397,"column":9}}]},"50":{"loc":{"start":{"line":375,"column":12},"end":{"line":380,"column":35}},"type":"if","locations":[{"start":{"line":375,"column":12},"end":{"line":380,"column":35}},{"start":{"line":375,"column":12},"end":{"line":380,"column":35}}]},"51":{"loc":{"start":{"line":375,"column":16},"end":{"line":375,"column":71}},"type":"binary-expr","locations":[{"start":{"line":375,"column":16},"end":{"line":375,"column":32}},{"start":{"line":375,"column":36},"end":{"line":375,"column":51}},{"start":{"line":375,"column":55},"end":{"line":375,"column":71}}]},"52":{"loc":{"start":{"line":385,"column":12},"end":{"line":396,"column":35}},"type":"if","locations":[{"start":{"line":385,"column":12},"end":{"line":396,"column":35}},{"start":{"line":385,"column":12},"end":{"line":396,"column":35}}]},"53":{"loc":{"start":{"line":385,"column":16},"end":{"line":385,"column":51}},"type":"binary-expr","locations":[{"start":{"line":385,"column":16},"end":{"line":385,"column":32}},{"start":{"line":385,"column":36},"end":{"line":385,"column":51}}]},"54":{"loc":{"start":{"line":389,"column":17},"end":{"line":396,"column":35}},"type":"if","locations":[{"start":{"line":389,"column":17},"end":{"line":396,"column":35}},{"start":{"line":389,"column":17},"end":{"line":396,"column":35}}]},"55":{"loc":{"start":{"line":400,"column":8},"end":{"line":431,"column":25}},"type":"if","locations":[{"start":{"line":400,"column":8},"end":{"line":431,"column":25}},{"start":{"line":400,"column":8},"end":{"line":431,"column":25}}]},"56":{"loc":{"start":{"line":403,"column":13},"end":{"line":431,"column":25}},"type":"if","locations":[{"start":{"line":403,"column":13},"end":{"line":431,"column":25}},{"start":{"line":403,"column":13},"end":{"line":431,"column":25}}]},"57":{"loc":{"start":{"line":406,"column":13},"end":{"line":431,"column":25}},"type":"if","locations":[{"start":{"line":406,"column":13},"end":{"line":431,"column":25}},{"start":{"line":406,"column":13},"end":{"line":431,"column":25}}]},"58":{"loc":{"start":{"line":409,"column":13},"end":{"line":431,"column":25}},"type":"if","locations":[{"start":{"line":409,"column":13},"end":{"line":431,"column":25}},{"start":{"line":409,"column":13},"end":{"line":431,"column":25}}]},"59":{"loc":{"start":{"line":412,"column":13},"end":{"line":431,"column":25}},"type":"if","locations":[{"start":{"line":412,"column":13},"end":{"line":431,"column":25}},{"start":{"line":412,"column":13},"end":{"line":431,"column":25}}]},"60":{"loc":{"start":{"line":415,"column":13},"end":{"line":431,"column":25}},"type":"if","locations":[{"start":{"line":415,"column":13},"end":{"line":431,"column":25}},{"start":{"line":415,"column":13},"end":{"line":431,"column":25}}]},"61":{"loc":{"start":{"line":418,"column":13},"end":{"line":431,"column":25}},"type":"if","locations":[{"start":{"line":418,"column":13},"end":{"line":431,"column":25}},{"start":{"line":418,"column":13},"end":{"line":431,"column":25}}]},"62":{"loc":{"start":{"line":421,"column":13},"end":{"line":431,"column":25}},"type":"if","locations":[{"start":{"line":421,"column":13},"end":{"line":431,"column":25}},{"start":{"line":421,"column":13},"end":{"line":431,"column":25}}]},"63":{"loc":{"start":{"line":424,"column":13},"end":{"line":431,"column":25}},"type":"if","locations":[{"start":{"line":424,"column":13},"end":{"line":431,"column":25}},{"start":{"line":424,"column":13},"end":{"line":431,"column":25}}]},"64":{"loc":{"start":{"line":427,"column":13},"end":{"line":431,"column":25}},"type":"if","locations":[{"start":{"line":427,"column":13},"end":{"line":431,"column":25}},{"start":{"line":427,"column":13},"end":{"line":431,"column":25}}]},"65":{"loc":{"start":{"line":438,"column":8},"end":{"line":528,"column":24}},"type":"if","locations":[{"start":{"line":438,"column":8},"end":{"line":528,"column":24}},{"start":{"line":438,"column":8},"end":{"line":528,"column":24}}]},"66":{"loc":{"start":{"line":442,"column":13},"end":{"line":528,"column":24}},"type":"if","locations":[{"start":{"line":442,"column":13},"end":{"line":528,"column":24}},{"start":{"line":442,"column":13},"end":{"line":528,"column":24}}]},"67":{"loc":{"start":{"line":446,"column":13},"end":{"line":528,"column":24}},"type":"if","locations":[{"start":{"line":446,"column":13},"end":{"line":528,"column":24}},{"start":{"line":446,"column":13},"end":{"line":528,"column":24}}]},"68":{"loc":{"start":{"line":450,"column":13},"end":{"line":528,"column":24}},"type":"if","locations":[{"start":{"line":450,"column":13},"end":{"line":528,"column":24}},{"start":{"line":450,"column":13},"end":{"line":528,"column":24}}]},"69":{"loc":{"start":{"line":456,"column":16},"end":{"line":467,"column":17}},"type":"if","locations":[{"start":{"line":456,"column":16},"end":{"line":467,"column":17}},{"start":{"line":456,"column":16},"end":{"line":467,"column":17}}]},"70":{"loc":{"start":{"line":471,"column":13},"end":{"line":528,"column":24}},"type":"if","locations":[{"start":{"line":471,"column":13},"end":{"line":528,"column":24}},{"start":{"line":471,"column":13},"end":{"line":528,"column":24}}]},"71":{"loc":{"start":{"line":478,"column":16},"end":{"line":499,"column":17}},"type":"if","locations":[{"start":{"line":478,"column":16},"end":{"line":499,"column":17}},{"start":{"line":478,"column":16},"end":{"line":499,"column":17}}]},"72":{"loc":{"start":{"line":490,"column":20},"end":{"line":498,"column":21}},"type":"if","locations":[{"start":{"line":490,"column":20},"end":{"line":498,"column":21}},{"start":{"line":490,"column":20},"end":{"line":498,"column":21}}]},"73":{"loc":{"start":{"line":493,"column":25},"end":{"line":498,"column":21}},"type":"if","locations":[{"start":{"line":493,"column":25},"end":{"line":498,"column":21}},{"start":{"line":493,"column":25},"end":{"line":498,"column":21}}]},"74":{"loc":{"start":{"line":503,"column":13},"end":{"line":528,"column":24}},"type":"if","locations":[{"start":{"line":503,"column":13},"end":{"line":528,"column":24}},{"start":{"line":503,"column":13},"end":{"line":528,"column":24}}]},"75":{"loc":{"start":{"line":514,"column":12},"end":{"line":519,"column":13}},"type":"if","locations":[{"start":{"line":514,"column":12},"end":{"line":519,"column":13}},{"start":{"line":514,"column":12},"end":{"line":519,"column":13}}]},"76":{"loc":{"start":{"line":514,"column":16},"end":{"line":514,"column":116}},"type":"binary-expr","locations":[{"start":{"line":514,"column":16},"end":{"line":514,"column":38}},{"start":{"line":514,"column":42},"end":{"line":514,"column":64}},{"start":{"line":514,"column":68},"end":{"line":514,"column":90}},{"start":{"line":514,"column":94},"end":{"line":514,"column":116}}]},"77":{"loc":{"start":{"line":517,"column":17},"end":{"line":519,"column":13}},"type":"if","locations":[{"start":{"line":517,"column":17},"end":{"line":519,"column":13}},{"start":{"line":517,"column":17},"end":{"line":519,"column":13}}]},"78":{"loc":{"start":{"line":523,"column":13},"end":{"line":528,"column":24}},"type":"if","locations":[{"start":{"line":523,"column":13},"end":{"line":528,"column":24}},{"start":{"line":523,"column":13},"end":{"line":528,"column":24}}]},"79":{"loc":{"start":{"line":535,"column":12},"end":{"line":539,"column":13}},"type":"if","locations":[{"start":{"line":535,"column":12},"end":{"line":539,"column":13}},{"start":{"line":535,"column":12},"end":{"line":539,"column":13}}]},"80":{"loc":{"start":{"line":535,"column":16},"end":{"line":535,"column":123}},"type":"binary-expr","locations":[{"start":{"line":535,"column":16},"end":{"line":535,"column":65}},{"start":{"line":535,"column":69},"end":{"line":535,"column":123}}]},"81":{"loc":{"start":{"line":550,"column":12},"end":{"line":558,"column":13}},"type":"if","locations":[{"start":{"line":550,"column":12},"end":{"line":558,"column":13}},{"start":{"line":550,"column":12},"end":{"line":558,"column":13}}]},"82":{"loc":{"start":{"line":550,"column":16},"end":{"line":550,"column":133}},"type":"binary-expr","locations":[{"start":{"line":550,"column":16},"end":{"line":550,"column":40}},{"start":{"line":550,"column":44},"end":{"line":550,"column":76}},{"start":{"line":550,"column":80},"end":{"line":550,"column":105}},{"start":{"line":550,"column":109},"end":{"line":550,"column":133}}]},"83":{"loc":{"start":{"line":553,"column":17},"end":{"line":558,"column":13}},"type":"if","locations":[{"start":{"line":553,"column":17},"end":{"line":558,"column":13}},{"start":{"line":553,"column":17},"end":{"line":558,"column":13}}]},"84":{"loc":{"start":{"line":553,"column":21},"end":{"line":553,"column":109}},"type":"binary-expr","locations":[{"start":{"line":553,"column":21},"end":{"line":553,"column":45}},{"start":{"line":553,"column":49},"end":{"line":553,"column":81}},{"start":{"line":553,"column":85},"end":{"line":553,"column":109}}]},"85":{"loc":{"start":{"line":568,"column":12},"end":{"line":576,"column":13}},"type":"if","locations":[{"start":{"line":568,"column":12},"end":{"line":576,"column":13}},{"start":{"line":568,"column":12},"end":{"line":576,"column":13}}]},"86":{"loc":{"start":{"line":568,"column":16},"end":{"line":568,"column":133}},"type":"binary-expr","locations":[{"start":{"line":568,"column":16},"end":{"line":568,"column":40}},{"start":{"line":568,"column":44},"end":{"line":568,"column":76}},{"start":{"line":568,"column":80},"end":{"line":568,"column":105}},{"start":{"line":568,"column":109},"end":{"line":568,"column":133}}]},"87":{"loc":{"start":{"line":571,"column":17},"end":{"line":576,"column":13}},"type":"if","locations":[{"start":{"line":571,"column":17},"end":{"line":576,"column":13}},{"start":{"line":571,"column":17},"end":{"line":576,"column":13}}]},"88":{"loc":{"start":{"line":571,"column":21},"end":{"line":571,"column":109}},"type":"binary-expr","locations":[{"start":{"line":571,"column":21},"end":{"line":571,"column":45}},{"start":{"line":571,"column":49},"end":{"line":571,"column":81}},{"start":{"line":571,"column":85},"end":{"line":571,"column":109}}]},"89":{"loc":{"start":{"line":586,"column":12},"end":{"line":594,"column":13}},"type":"if","locations":[{"start":{"line":586,"column":12},"end":{"line":594,"column":13}},{"start":{"line":586,"column":12},"end":{"line":594,"column":13}}]},"90":{"loc":{"start":{"line":586,"column":16},"end":{"line":586,"column":134}},"type":"binary-expr","locations":[{"start":{"line":586,"column":16},"end":{"line":586,"column":40}},{"start":{"line":586,"column":44},"end":{"line":586,"column":76}},{"start":{"line":586,"column":80},"end":{"line":586,"column":106}},{"start":{"line":586,"column":110},"end":{"line":586,"column":134}}]},"91":{"loc":{"start":{"line":589,"column":17},"end":{"line":594,"column":13}},"type":"if","locations":[{"start":{"line":589,"column":17},"end":{"line":594,"column":13}},{"start":{"line":589,"column":17},"end":{"line":594,"column":13}}]},"92":{"loc":{"start":{"line":589,"column":21},"end":{"line":589,"column":109}},"type":"binary-expr","locations":[{"start":{"line":589,"column":21},"end":{"line":589,"column":45}},{"start":{"line":589,"column":49},"end":{"line":589,"column":81}},{"start":{"line":589,"column":85},"end":{"line":589,"column":109}}]},"93":{"loc":{"start":{"line":604,"column":12},"end":{"line":619,"column":13}},"type":"if","locations":[{"start":{"line":604,"column":12},"end":{"line":619,"column":13}},{"start":{"line":604,"column":12},"end":{"line":619,"column":13}}]},"94":{"loc":{"start":{"line":604,"column":16},"end":{"li
[...]
},"end":{"line":1070,"column":21}}]},"219":{"loc":{"start":{"line":1074,"column":21},"end":{"line":1086,"column":33}},"type":"if","locations":[{"start":{"line":1074,"column":21},"end":{"line":1086,"column":33}},{"start":{"line":1074,"column":21},"end":{"line":1086,"column":33}}]},"220":{"loc":{"start":{"line":1074,"column":25},"end":{"line":1074,"column":190}},"type":"binary-expr","locations":[{"start":{"line":1074,"column":25},"end":{"line":1074,"column":62}},{"start":{"line":1074,"column":66},"end":{"line":1074,"column":190}}]},"221":{"loc":{"start":{"line":1074,"column":68},"end":{"line":1074,"column":189}},"type":"binary-expr","locations":[{"start":{"line":1074,"column":68},"end":{"line":1074,"column":108}},{"start":{"line":1074,"column":112},"end":{"line":1074,"column":153}},{"start":{"line":1074,"column":157},"end":{"line":1074,"column":189}}]},"222":{"loc":{"start":{"line":1076,"column":20},"end":{"line":1081,"column":21}},"type":"if","locations":[{"start":{"line":1076,"column":20},"end":{"line":1081,"column":21}},{"start":{"line":1076,"column":20},"end":{"line":1081,"column":21}}]},"223":{"loc":{"start":{"line":1088,"column":17},"end":{"line":1098,"column":29}},"type":"if","locations":[{"start":{"line":1088,"column":17},"end":{"line":1098,"column":29}},{"start":{"line":1088,"column":17},"end":{"line":1098,"column":29}}]},"224":{"loc":{"start":{"line":1090,"column":16},"end":{"line":1095,"column":33}},"type":"if","locations":[{"start":{"line":1090,"column":16},"end":{"line":1095,"column":33}},{"start":{"line":1090,"column":16},"end":{"line":1095,"column":33}}]},"225":{"loc":{"start":{"line":1104,"column":8},"end":{"line":1114,"column":25}},"type":"if","locations":[{"start":{"line":1104,"column":8},"end":{"line":1114,"column":25}},{"start":{"line":1104,"column":8},"end":{"line":1114,"column":25}}]},"226":{"loc":{"start":{"line":1107,"column":16},"end":{"line":1109,"column":17}},"type":"if","locations":[{"start":{"line":1107,"column":16},"end":{"line":1109,"column":17}},{"start":{"line":1107,"column":16},"end":{"line":1109,"column":17}}]},"227":{"loc":{"start":{"line":1119,"column":8},"end":{"line":1120,"column":39}},"type":"if","locations":[{"start":{"line":1119,"column":8},"end":{"line":1120,"column":39}},{"start":{"line":1119,"column":8},"end":{"line":1120,"column":39}}]},"228":{"loc":{"start":{"line":1121,"column":35},"end":{"line":1121,"column":74}},"type":"cond-expr","locations":[{"start":{"line":1121,"column":54},"end":{"line":1121,"column":55}},{"start":{"line":1121,"column":58},"end":{"line":1121,"column":74}}]},"229":{"loc":{"start":{"line":1124,"column":12},"end":{"line":1129,"column":22}},"type":"if","locations":[{"start":{"line":1124,"column":12},"end":{"line":1129,"column":22}},{"start":{"line":1124,"column":12},"end":{"line":1129,"column":22}}]}},"s":{"0":1,"1":1,"2":1,"3":1,"4":1,"5":19,"6":1,"7":9,"8":9,"9":9,"10":9,"11":9,"12":9,"13":9,"14":9,"15":9,"16":9,"17":9,"18":8,"19":29736,"20":29728,"21":8,"22":8,"23":8,"24":8,"25":29728,"26":29728,"27":29728,"28":29728,"29":29728,"30":5,"31":5,"32":5,"33":29728,"34":1,"35":1,"36":29728,"37":29722,"38":29722,"39":29722,"40":11776,"41":11776,"42":0,"43":0,"44":29728,"45":17946,"46":8,"47":8,"48":1,"49":1,"50":8,"51":2,"52":2,"53":8,"54":8,"55":4,"56":4,"57":0,"58":0,"59":4,"60":4,"61":8,"62":8,"63":6,"64":6,"65":0,"66":0,"67":6,"68":6,"69":1,"70":1,"71":1,"72":4,"73":4,"74":4,"75":4,"76":4,"77":4,"78":3,"79":3,"80":0,"81":3,"82":3,"83":1,"84":1,"85":1,"86":37,"87":37,"88":37,"89":37,"90":37,"91":37,"92":37,"93":26,"94":26,"95":26,"96":26,"97":26,"98":26,"99":26,"100":18,"101":18,"102":0,"103":0,"104":0,"105":0,"106":0,"107":0,"108":0,"109":0,"110":0,"111":0,"112":0,"113":0,"114":18,"115":18,"116":18,"117":18,"118":18,"119":0,"120":0,"121":0,"122":0,"123":8,"124":8,"125":8,"126":8,"127":8,"128":0,"129":0,"130":0,"131":0,"132":26,"133":26,"134":26,"135":26,"136":26,"137":93340,"138":26,"139":93314,"140":93314,"141":93314,"142":0,"143":93314,"144":93314,"145":1679912,"146":1679912,"147":60476832,"148":0,"149":60476832,"150":60476832,"151":43677712,"152":16799120,"153":0,"154":16799120,"155":1679912,"156":1679912,"157":1679912,"158":0,"159":0,"160":1679912,"161":1679912,"162":15119208,"163":15119208,"164":0,"165":0,"166":15119208,"167":1679912,"168":1679912,"169":1675633,"170":4279,"171":13104,"172":13104,"173":13104,"174":0,"175":0,"176":0,"177":0,"178":4279,"179":0,"180":0,"181":0,"182":0,"183":26,"184":26,"185":26,"186":16,"187":37527,"188":10,"189":5,"190":347,"191":347,"192":347,"193":8,"194":339,"195":20,"196":319,"197":5,"198":5,"199":884,"200":884,"201":884,"202":0,"203":0,"204":0,"205":0,"206":26,"207":26,"208":26,"209":0,"210":0,"211":11,"212":2,"213":2,"214":9,"215":9,"216":1,"217":193859,"218":16,"219":16,"220":16,"221":16,"222":2,"223":2,"224":14,"225":193843,"226":193843,"227":193843,"228":0,"229":0,"230":193843,"231":129227,"232":129227,"233":129227,"234":129227,"235":64616,"236":1,"237":60476832,"238":1679912,"239":58796920,"240":1679912,"241":57117008,"242":1679912,"243":55437096,"244":1679912,"245":53757184,"246":1679912,"247":52077272,"248":1679912,"249":50397360,"250":1679912,"251":48717448,"252":1679912,"253":47037536,"254":1679912,"255":45357624,"256":1679912,"257":43677712,"258":1,"259":5104348,"260":5104348,"261":5104348,"262":5104348,"263":258448,"264":258448,"265":4845900,"266":775344,"267":775344,"268":4070556,"269":64612,"270":64612,"271":4005944,"272":969180,"273":2261420,"274":969180,"275":969180,"276":969180,"277":1292240,"278":1292240,"279":1292240,"280":1292240,"281":1292240,"282":969180,"283":3036764,"284":129224,"285":258448,"286":129224,"287":129224,"288":129224,"289":129224,"290":129224,"291":129224,"292":129224,"293":129224,"294":129224,"295":129224,"296":129182,"297":42,"298":42,"299":0,"300":129224,"301":2907540,"302":452284,"303":452284,"304":452284,"305":452284,"306":452284,"307":452284,"308":129224,"309":323060,"310":64612,"311":452284,"312":452284,"313":2455256,"314":2455256,"315":2455256,"316":0,"317":1,"318":1,"319":1,"320":2,"321":2,"322":2,"323":0,"324":1,"325":1,"326":258448,"327":258448,"328":258448,"329":1292620,"330":1292620,"331":1292620,"332":129217,"333":1163403,"334":45,"335":1163358,"336":258448,"337":1,"338":775344,"339":775344,"340":775344,"341":6461460,"342":6461460,"343":6461460,"344":12601,"345":6448859,"346":633545,"347":5815314,"348":775344,"349":1,"350":64612,"351":64612,"352":64612,"353":646120,"354":646120,"355":646120,"356":41,"357":646079,"358":64571,"359":581508,"360":64612,"361":1,"362":2455256,"363":2455256,"364":2455256,"365":11795620,"366":11795620,"367":11795620,"368":8019,"369":11787601,"370":335,"371":11787266,"372":1171208,"373":10616058,"374":2455256,"375":1,"376":452284,"377":193795,"378":258489,"379":258489,"380":258489,"381":2584890,"382":2584890,"383":2584890,"384":2584890,"385":2584890,"386":2584890,"387":258489,"388":2326401,"389":258489,"390":1,"391":42,"392":42,"393":42,"394":42,"395":42,"396":42,"397":42,"398":42,"399":42,"400":42,"401":42,"402":39,"403":39,"404":39,"405":39,"406":39,"407":106,"408":100,"409":97,"410":3,"411":0,"412":0,"413":0,"414":0,"415":0,"416":3,"417":6,"418":0,"419":0,"420":0,"421":0,"422":0,"423":0,"424":0,"425":0,"426":0,"427":6,"428":5,"429":5,"430":4,"431":1,"432":5,"433":1,"434":0,"435":0,"436":0,"437":0,"438":0,"439":1,"440":1,"441":1,"442":0,"443":1,"444":1,"445":0,"446":39,"447":35,"448":35,"449":31,"450":29,"451":28,"452":28,"453":28,"454":28,"455":0,"456":1,"457":0,"458":0,"459":0,"460":0,"461":0,"462":0,"463":1,"464":2,"465":0,"466":0,"467":0,"468":0,"469":0,"470":0,"471":0,"472":0,"473":0,"474":0,"475":0,"476":0,"477":0,"478":0,"479":2,"480":1,"481":1,"482":1,"483":0,"484":1,"485":1,"486":1,"487":0,"488":0,"489":0,"490":0,"491":0,"492":0,"493":1,"494":1,"495":1,"496":1,"497":0,"498":1,"499":1,"500":0,"501":4,"502":4,"503":4,"504":4,"505":0,"506":0,"507":3,"508":0,"509":0,"510":0,"511":3,"512":0,"513":1,"514":146,"515":146,"516":146,"517":146,"518":43,"519":43,"520":33,"521":33,"522":10,"523":103,"524":38,"525":38,"526":38,"527":38,"528":38,"529":34,"530":33,"531":31,"532":31,"533":2,"534":1,"535":0,"536":0,"537":0,"538":0,"539":0,"540":0,"541":1,"542":4,"543":0,"544":0,"545":0,"546":0,"547":0,"548":0,"549":0,"550":0,"551":4,"552":4,"553":4,"554":1,"555":3,"556":4,"557":4,"558":0,"559":0,"560":0,"561":0,"562":0,"563":0,"564":0,"565":0,"566":0,"567":0,"568":0,"569":0,"570":0,"571":0,"572":0,"573":65,"574":41,"575":41,"576":41,"577":41,"578":41,"579":41,"580":40,"581":38,"582":38,"583":2,"584":1,"585":0,"586":0,"587":0,"588":0,"589":0,"590":0,"591":1,"592":0,"593":0,"594":0,"595":0,"596":0,"597":0,"598":0,"599":0,"600":0,"601":0,"602":0,"603":0,"604":0,"605":0,"606":0,"607":0,"608":0,"609":0,"610":0,"611":0,"612":0,"613":0,"614":0,"615":0,"616":0,"617":0,"618":0,"619":0,"620":0,"621":0,"622":0,"623":0,"624":0,"625":0,"626":0,"627":0,"628":0,"629":0,"630":0,"631":0,"632":0,"633":24,"634":24,"635":24,"636":22,"637":22,"638":2,"639":0,"640":0,"641":1,"642":43,"643":43,"644":79,"645":79,"646":10,"647":33,"648":0,"649":1,"650":55,"651":55,"652":55,"653":0,"654":55,"655":55,"656":55,"657":55,"658":110,"659":110,"660":55,"661":55,"662":55,"663":55,"664":1,"665":1,"666":1},"f":{"0":1,"1":19,"2":9,"3":9,"4":8,"5":29736,"6":8,"7":8,"8":8,"9":8,"10":1,"11":4,"12":4,"13":37,"14":37,"15":37527,"16":347,"17":884,"18":193859,"19":60476832,"20":5104348,"21":1,"22":258448,"23":775344,"24":64612,"25":2455256,"26":452284,"27":42,"28":146,"29":43,"30":55},"b":{"0":[29728,8],"1":[1,29727],"2":[29728,29723],"3":[29722,6],"4":[29722,0],"5":[29722,29722],"6":[11776,17946],"7":[17946,11782],"8":[1,7],"9":[2,6],"10":[4,4],"11":[8,6,5],"12":[6,2],"13":[8,6,6],"14":[3,1],"15":[26,11],"16":[18,8],"17":[26,13,11],"18":[0,18],"19":[0,0],"20":[0,0],"21":[0,0],"22":[26,0],"23":[26,93314],"24":[0,93314],"25":[93314,0],"26":[93314,93314],"27":[0,60476832],"28":[43677712,16799120],"29":[0,16799120],"30":[1679912,15119208],"31":[16799120,1679912],"32":[0,1679912],"33":[0,15119208],"34":[1675633,4279],"35":[13104,0],"36":[0,0],"37":[0,0],"38":[0,0],"39":[26,0],"40":[26,0],"41":[16,10],"42":[26,10,10,10,10],"43":[5,5],"44":[10,9,8],"45":[8,339],"46":[20,319],"47":[5,0],"48":[2,9],"49":[16,193843],"50":[2,14],"51":[16,15,15],"52":[0,193843],"53":[193843,193843],"54":[129227,64616],"55":[1679912,58796920],"56":[1679912,57117008],"57":[1679912,55437096],"58":[1679912,53757184],"59":[1679912,52077272],"60":[1679912,50397360],"61":[1679912,48717448],"62":[1679912,47037536],"63":[1679912,45357624],"64":[1679912,43677712],"65":[258448,4845900],"66":[775344,4070556],"67":[64612,4005944],"68":[969180,3036764],"69":[969180,1292240],"70":[129224,2907540],"71":[129224,129224],"72":[129182,42],"73":[42,0],"74":[452284,2455256],"75":[129224,323060],"76":[452284,387672,323060,323060],"77":[64612,258448],"78":[2455256,0],"79":[2,0],"80":[2,2],"81":[129217,1163403],"82":[1292620,1292620,517048,498323],"83":[45,1163358],"84":[1163403,1163403,387831],"85":[12601,6448859],"86":[6461460,6461460,2519973,102220],"87":[633545,5815314],"88":[6448859,6448859,2507372],"89":[41,646079],"90":[646120,646120,258448,175],"91":[64571,581508],"92":[646079,646079,258407],"93":[8019,11787601],"94":[11795620,11795620,4053796,2367696,2143245,4044108,2358008,224451,4043570,1686100,775896,10410],"95":[335,11787266],"96":[11787601,11787601,337],"97":[1171208,10616058],"98":[11787266,11787266],"99":[193795,258489],"100":[258489,2326401],"101":[2584890,2326107,2326107],"102":[42,0],"103":[42,42],"104":[39,3],"105":[39,0],"106":[39,35,35,35,4,4,4],"107":[100,6],"108":[106,106,78,59,30,19,19,17,13,13,6],"109":[97,3],"110":[100,97,0],"111":[0,3],"112":[3,0],"113":[0,0],"114":[0,6],"115":[6,6,6,6,6,6,6,6,6,6,6,6,6],"116":[0,0],"117":[0,0,0],"118":[0,0],"119":[0,0],"120":[0,0],"121":[5,1],"122":[6,6,6,6,4,2,1,1,1,1,1,1,1],"123":[4,1],"124":[0,1],"125":[1,1,1,1,1,1,1,1,1,1,1,1,1,1],"126":[0,0],"127":[1,0],"128":[1,1,1],"129":[1,0],"130":[0,1],"131":[35,4],"132":[31,4],"133":[29,2],"134":[31,30,29,10,7,7,7,7,7,2],"135":[28,1],"136":[29,28,0],"137":[28,0],"138":[0,1],"139":[1,0],"140":[0,0],"141":[0,2],"142":[2,2,2,2,2,2,2,2,2,2,2],"143":[0,0],"144":[0,0,0],"145":[0,0],"146":[0,0],"147":[0,0],"148":[0,0],"149":[1,1],"150":[2,2,2,2,2,2,1,1,1,1,1,1,1],"151":[1,0],"152":[0,1],"153":[1,1,1,1,1,1,1,1,1,1,1,1,1,1],"154":[0,0],"155":[1,0],"156":[1,1,1],"157":[1,0],"158":[1,0],"159":[4,0],"160":[0,3],"161":[146,0],"162":[43,103],"163":[146,114],"164":[33,10],"165":[38,65],"166":[103,95,70],"167":[34,4],"168":[38,38,6,6,4,4],"169":[33,1],"170":[34,33,20],"171":[31,2],"172":[0,1],"173":[1,0],"174":[0,0],"175":[0,4],"176":[4,4,4,4],"177":[0,0],"178":[0,0,0],"179":[0,0],"180":[0,0],"181":[0,0],"182":[4,0],"183":[4,4,4,4,0,0,0,0],"184":[1,3],"185":[0,0],"186":[0,0,0,0,0,0],"187":[0,0],"188":[0,0],"189":[0,0],"190":[0,0,0],"191":[0,0],"192":[41,24],"193":[41,0],"194":[41,41,41,22,18,2,2],"195":[40,1],"196":[41,40,20],"197":[38,2],"198":[40,2,2,2],"199":[0,1],"200":[1,0],"201":[0,0],"202":[0,0],"203":[0,0,0,0,0,0,0,0,0],"204":[0,0],"205":[0,0,0],"206":[0,0],"207":[0,0,0,0],"208":[0,0],"209":[0,0],"210":[0,0],"211":[0,0],"212":[0,0],"213":[0,0],"214":[0,0,0,0,0,0,0],"215":[0,0],"216":[0,0],"217":[0,0,0,0,0,0,0],"218":[0,0],"219":[0,0],"220":[0,0],"221":[0,0,0],"222":[0,0],"223":[24,0],"224":[22,2],"225":[43,0],"226":[10,69],"227":[0,55],"228":[55,0],"229":[55,55]},"_coverageSchema":"332fd63041d2c1bcb487cc26dd0d5f7d97098a6c","hash":"a6584a66ea87c057c9dd19a43fa755d9cd21ef44","contentHash":"b1b205504c44f62b8e68a4060c8e45a9_10.0.0"},"C:\\John\\School\\University of British Columbia\\CPS 310\\Project\\Deliverable 1\\cpsc310project_team45\\src\\rest\\Server.js":{"path":"C:\\John\\School\\University of British Columbia\\CPS 310\\Project\\Deliverable 1\\cpsc310project_team45\\src\\rest\\Server.js","statementMap":{"0":{"start":{"line":2,"column":14},"end":{"line":2,"column":32}},"1":{"start":{"line":3,"column":13},"end":{"line":3,"column":31}},"2":{"start":{"line":4,"column":14},"end":{"line":68,"column":3}},"3":{"start":{"line":6,"column":8},"end":{"line":6,"column":62}},"4":{"start":{"line":7,"column":8},"end":{"line":7,"column":25}},"5":{"start":{"line":9,"column":4},"end":{"line":17,"column":6}},"6":{"start":{"line":10,"column":8},"end":{"line":10,"column":47}},"7":{"start":{"line":11,"column":19},"end":{"line":11,"column":23}},"8":{"start":{"line":12,"column":8},"end":{"line":16,"column":11}},"9":{"start":{"line":13,"column":12},"end":{"line":15,"column":15}},"10":{"start":{"line":14,"column":16},"end":{"line":14,"column":30}},"11":{"start":{"line":18,"column":4},"end":{"line":45,"column":6}},"12":{"start":{"line":19,"column":19},"end":{"line":19,"column":23}},"13":{"start":{"line":20,"column":8},"end":{"line":44,"column":11}},"14":{"start":{"line":21,"column":12},"end":{"line":43,"column":13}},"15":{"start":{"line":22,"column":16},"end":{"line":22,"column":63}},"16":{"start":{"line":23,"column":16},"end":{"line":25,"column":19}},"17":{"start":{"line":26,"column":16},"end":{"line":29,"column":19}},"18":{"start":{"line":27,"column":20},"end":{"line":27,"column":34}},"19":{"start":{"line":28,"column":20},"end":{"line":28,"column":34}},"20":{"start":{"line":30,"column":16},"end":{"line":30,"column":57}},"21":{"start":{"line":31,"column":16},"end":{"line":34,"column":19}},"22":{"start":{"line":32,"column":20},"end":{"line":32,"column":97}},"23":{"start":{"line":33,"column":20},"end":{"line":33,"column":34}},"24":{"start":{"line":35,"column":16},"end":{"line":38,"column":19}},"25":{"start":{"line":36,"column":20},"end":{"line":36,"column":83}},"26":{"start":{"line":37,"column":20},"end":{"line":37,"column":32}},"27":{"start":{"line":41,"column":16},"end":{"line":41,"column":72}},"28":{"start":{"line":42,"column":16},"end":{"line":42,"column":28}},"29":{"start":{"line":46,"column":4},"end":{"line":58,"column":6}},"30":{"start":{"line":47,"column":8},"end":{"line":47,"column":89}},"31":{"start":{"line":48,"column":8},"end":{"line":56,"column":9}},"32":{"start":{"line":49,"column":25},"end":{"line":49,"column":59}},"33":{"start":{"line":50,"column":12},"end":{"line":50,"column":80}},"34":{"start":{"line":51,"column":12},"end":{"line":51,"column":47}},"35":{"start":{"line":54,"column":12},"end":{"line":54,"column":70}},"36":{"start":{"line":55,"column":12},"end":{"line":55,"column":50}},"37":{"start":{"line":57,"column":8},"end":{"line":57,"column":22}},"38":{"start":{"line":59,"column":4},"end":{"line":66,"column":6}},"39":{"start":{"line":60,"column":8},"end":{"line":65,"column":9}},"40":{"start":{"line":61,"column":12},"end":{"line":61,"column":71}},"41":{"start":{"line":64,"column":12},"end":{"line":64,"column":74}},"42":{"start":{"line":67,"column":4},"end":{"line":67,"column":18}},"43":{"start":{"line":69,"column":0},"end":{"line":69,"column":62}},"44":{"start":{"line":70,"column":0},"end":{"line":70,"column":25}}},"fnMap":{"0":{"name":"(anonymous_0)","decl":{"start":{"line":4,"column":14},"end":{"line":4,"column":15}},"loc":{"start":{"line":4,"column":26},"end":{"line":68,"column":1}}},"1":{"name":"Server","decl":{"start":{"line":5,"column":13},"end":{"line":5,"column":19}},"loc":{"start":{"line":5,"column":26},"end":{"line":8,"column":5}}},"2":{"name":"(anonymous_2)","decl":{"start":{"line":9,"column":28},"end":{"line":9,"column":29}},"loc":{"start":{"line":9,"column":40},"end":{"line":17,"column":5}}},"3":{"name":"(anonymous_3)","decl":{"start":{"line":12,"column":27},"end":{"line":12,"column":28}},"loc":{"start":{"line":12,"column":46},"end":{"line":16,"column":9}}},"4":{"name":"(anonymous_4)","decl":{"start":{"line":13,"column":28},"end":{"line":13,"column":29}},"loc":{"start":{"line":13,"column":40},"end":{"line":15,"column":13}}},"5":{"name":"(anonymous_5)","decl":{"start":{"line":18,"column":29},"end":{"line":18,"column":30}},"loc":{"start":{"line":18,"column":41},"end":{"line":45,"column":5}}},"6":{"name":"(anonymous_6)","decl":{"start":{"line":20,"column":27},"end":{"line":20,"column":28}},"loc":{"start":{"line":20,"column":54},"end":{"line":44,"column":9}}},"7":{"name":"(anonymous_7)","decl":{"start":{"line":26,"column":35},"end":{"line":26,"column":36}},"loc":{"start":{"line":26,"column":61},"end":{"line":29,"column":17}}},"8":{"name":"(anonymous_8)","decl":{"start":{"line":31,"column":44},"end":{"line":31,"column":45}},"loc":{"start":{"line":31,"column":56},"end":{"line":34,"column":17}}},"9":{"name":"(anonymous_9)","decl":{"start":{"line":35,"column":38},"end":{"line":35,"column":39}},"loc":{"start":{"line":35,"column":53},"end":{"line":38,"column":17}}},"10":{"name":"(anonymous_10)","decl":{"start":{"line":46,"column":18},"end":{"line":46,"column":19}},"loc":{"start":{"line":46,"column":44},"end":{"line":58,"column":5}}},"11":{"name":"(anonymous_11)","decl":{"start":{"line":59,"column":25},"end":{"line":59,"column":26}},"loc":{"start":{"line":59,"column":40},"end":{"line":66,"column":5}}}},"branchMap":{"0":{"loc":{"start":{"line":60,"column":8},"end":{"line":65,"column":9}},"type":"if","locations":[{"start":{"line":60,"column":8},"end":{"line":65,"column":9}},{"start":{"line":60,"column":8},"end":{"line":65,"column":9}}]},"1":{"loc":{"start":{"line":60,"column":12},"end":{"line":60,"column":54}},"type":"binary-expr","locations":[{"start":{"line":60,"column":12},"end":{"line":60,"column":38}},{"start":{"line":60,"column":42},"end":{"line":60,"column":54}}]}},"s":{"0":1,"1":1,"2":1,"3":2,"4":2,"5":1,"6":1,"7":1,"8":1,"9":1,"10":0,"11":1,"12":1,"13":1,"14":1,"15":1,"16":1,"17":1,"18":0,"19":0,"20":1,"21":1,"22":1,"23":1,"24":1,"25":0,"26":0,"27":0,"28":0,"29":1,"30":0,"31":0,"32":0,"33":0,"34":0,"35":0,"36":0,"37":0,"38":1,"39":4,"40":2,"41":2,"42":1,"43":1,"44":1},"f":{"0":1,"1":2,"2":1,"3":1,"4":0,"5":1,"6":1,"7":0,"8":1,"9":0,"10":0,"11":4},"b":{"0":[2,2],"1":[4,3]},"_coverageSchema":"332fd63041d2c1bcb487cc26dd0d5f7d97098a6c","hash":"c9dbac319f388b96737a14d2c7bc709a6b1db98b","contentHash":"493f3fa8fe6f64679b761681a690c199_10.0.0"}}